{"/Users/hanzvaldez/Documents/RRC/WEBD-3012 Business Systems Build and Testing/Coding Assignment 13/src/App.tsx": {"path":"/Users/hanzvaldez/Documents/RRC/WEBD-3012 Business Systems Build and Testing/Coding Assignment 13/src/App.tsx","statementMap":{"0":{"start":{"line":19,"column":21},"end":{"line":23,"column":1}},"1":{"start":{"line":25,"column":16},"end":{"line":33,"column":1}},"2":{"start":{"line":35,"column":21},"end":{"line":40,"column":1}},"3":{"start":{"line":42,"column":22},"end":{"line":47,"column":1}},"4":{"start":{"line":49,"column":17},"end":{"line":59,"column":1}},"5":{"start":{"line":61,"column":22},"end":{"line":66,"column":1}},"6":{"start":{"line":68,"column":23},"end":{"line":71,"column":1}},"7":{"start":{"line":74,"column":44},"end":{"line":74,"column":56}},"8":{"start":{"line":75,"column":38},"end":{"line":75,"column":56}},"9":{"start":{"line":77,"column":26},"end":{"line":81,"column":3}},"10":{"start":{"line":83,"column":2},"end":{"line":331,"column":4}}},"fnMap":{"0":{"name":"App","decl":{"start":{"line":73,"column":9},"end":{"line":73,"column":12}},"loc":{"start":{"line":73,"column":15},"end":{"line":332,"column":1}},"line":73}},"branchMap":{},"s":{"0":1,"1":1,"2":1,"3":1,"4":1,"5":1,"6":1,"7":1,"8":1,"9":1,"10":1},"f":{"0":1},"b":{},"_coverageSchema":"1a1c01bbd47fc00a2c39e90264f33305004495a9","hash":"228ba7c007a0d752cef20c3526ee4d00cf11c84c"}
,"/Users/hanzvaldez/Documents/RRC/WEBD-3012 Business Systems Build and Testing/Coding Assignment 13/src/index.tsx": {"path":"/Users/hanzvaldez/Documents/RRC/WEBD-3012 Business Systems Build and Testing/Coding Assignment 13/src/index.tsx","statementMap":{"0":{"start":{"line":7,"column":13},"end":{"line":9,"column":1}},"1":{"start":{"line":10,"column":0},"end":{"line":14,"column":2}},"2":{"start":{"line":19,"column":0},"end":{"line":19,"column":18}}},"fnMap":{},"branchMap":{},"s":{"0":0,"1":0,"2":0},"f":{},"b":{}}
,"/Users/hanzvaldez/Documents/RRC/WEBD-3012 Business Systems Build and Testing/Coding Assignment 13/src/reportWebVitals.ts": {"path":"/Users/hanzvaldez/Documents/RRC/WEBD-3012 Business Systems Build and Testing/Coding Assignment 13/src/reportWebVitals.ts","statementMap":{"0":{"start":{"line":3,"column":24},"end":{"line":13,"column":1}},"1":{"start":{"line":4,"column":2},"end":{"line":12,"column":3}},"2":{"start":{"line":5,"column":4},"end":{"line":11,"column":7}},"3":{"start":{"line":6,"column":6},"end":{"line":6,"column":26}},"4":{"start":{"line":7,"column":6},"end":{"line":7,"column":26}},"5":{"start":{"line":8,"column":6},"end":{"line":8,"column":26}},"6":{"start":{"line":9,"column":6},"end":{"line":9,"column":26}},"7":{"start":{"line":10,"column":6},"end":{"line":10,"column":27}}},"fnMap":{"0":{"name":"(anonymous_0)","decl":{"start":{"line":3,"column":24},"end":{"line":3,"column":25}},"loc":{"start":{"line":3,"column":57},"end":{"line":13,"column":1}},"line":3},"1":{"name":"(anonymous_1)","decl":{"start":{"line":5,"column":30},"end":{"line":5,"column":31}},"loc":{"start":{"line":5,"column":79},"end":{"line":11,"column":5}},"line":5}},"branchMap":{"0":{"loc":{"start":{"line":4,"column":2},"end":{"line":12,"column":3}},"type":"if","locations":[{"start":{"line":4,"column":2},"end":{"line":12,"column":3}},{"start":{},"end":{}}],"line":4},"1":{"loc":{"start":{"line":4,"column":6},"end":{"line":4,"column":52}},"type":"binary-expr","locations":[{"start":{"line":4,"column":6},"end":{"line":4,"column":17}},{"start":{"line":4,"column":21},"end":{"line":4,"column":52}}],"line":4}},"s":{"0":0,"1":0,"2":0,"3":0,"4":0,"5":0,"6":0,"7":0},"f":{"0":0,"1":0},"b":{"0":[0,0],"1":[0,0]}}
,"/Users/hanzvaldez/Documents/RRC/WEBD-3012 Business Systems Build and Testing/Coding Assignment 13/src/components/index.ts": {"path":"/Users/hanzvaldez/Documents/RRC/WEBD-3012 Business Systems Build and Testing/Coding Assignment 13/src/components/index.ts","statementMap":{},"fnMap":{},"branchMap":{},"s":{},"f":{},"b":{},"_coverageSchema":"1a1c01bbd47fc00a2c39e90264f33305004495a9","hash":"1193371d68809f933756e33f6742a84b1542509c"}
,"/Users/hanzvaldez/Documents/RRC/WEBD-3012 Business Systems Build and Testing/Coding Assignment 13/src/components/types.ts": {"path":"/Users/hanzvaldez/Documents/RRC/WEBD-3012 Business Systems Build and Testing/Coding Assignment 13/src/components/types.ts","statementMap":{},"fnMap":{},"branchMap":{},"s":{},"f":{},"b":{},"_coverageSchema":"1a1c01bbd47fc00a2c39e90264f33305004495a9","hash":"f0456a8e2a19f1c54c31cb3e067d31f85d2a85bd"}
,"/Users/hanzvaldez/Documents/RRC/WEBD-3012 Business Systems Build and Testing/Coding Assignment 13/src/components/Button/Button.stories.tsx": {"path":"/Users/hanzvaldez/Documents/RRC/WEBD-3012 Business Systems Build and Testing/Coding Assignment 13/src/components/Button/Button.stories.tsx","statementMap":{"0":{"start":{"line":4,"column":34},"end":{"line":23,"column":1}},"1":{"start":{"line":28,"column":30},"end":{"line":33,"column":1}},"2":{"start":{"line":35,"column":32},"end":{"line":40,"column":1}},"3":{"start":{"line":42,"column":29},"end":{"line":47,"column":1}},"4":{"start":{"line":49,"column":28},"end":{"line":54,"column":1}},"5":{"start":{"line":56,"column":28},"end":{"line":61,"column":1}},"6":{"start":{"line":63,"column":31},"end":{"line":68,"column":1}},"7":{"start":{"line":70,"column":39},"end":{"line":75,"column":1}}},"fnMap":{},"branchMap":{},"s":{"0":0,"1":0,"2":0,"3":0,"4":0,"5":0,"6":0,"7":0},"f":{},"b":{}}
,"/Users/hanzvaldez/Documents/RRC/WEBD-3012 Business Systems Build and Testing/Coding Assignment 13/src/components/Button/Button.tests.tsx": {"path":"/Users/hanzvaldez/Documents/RRC/WEBD-3012 Business Systems Build and Testing/Coding Assignment 13/src/components/Button/Button.tests.tsx","statementMap":{"0":{"start":{"line":6,"column":0},"end":{"line":64,"column":3}},"1":{"start":{"line":7,"column":2},"end":{"line":12,"column":5}},"2":{"start":{"line":8,"column":4},"end":{"line":8,"column":43}},"3":{"start":{"line":9,"column":26},"end":{"line":9,"column":78}},"4":{"start":{"line":10,"column":4},"end":{"line":10,"column":46}},"5":{"start":{"line":11,"column":4},"end":{"line":11,"column":40}},"6":{"start":{"line":14,"column":2},"end":{"line":23,"column":5}},"7":{"start":{"line":15,"column":4},"end":{"line":15,"column":56}},"8":{"start":{"line":16,"column":26},"end":{"line":18,"column":6}},"9":{"start":{"line":19,"column":4},"end":{"line":19,"column":41}},"10":{"start":{"line":20,"column":4},"end":{"line":20,"column":61}},"11":{"start":{"line":21,"column":4},"end":{"line":21,"column":67}},"12":{"start":{"line":22,"column":4},"end":{"line":22,"column":56}},"13":{"start":{"line":25,"column":2},"end":{"line":31,"column":5}},"14":{"start":{"line":26,"column":4},"end":{"line":26,"column":71}},"15":{"start":{"line":27,"column":26},"end":{"line":29,"column":6}},"16":{"start":{"line":30,"column":4},"end":{"line":30,"column":67}},"17":{"start":{"line":33,"column":2},"end":{"line":43,"column":5}},"18":{"start":{"line":34,"column":25},"end":{"line":34,"column":77}},"19":{"start":{"line":35,"column":24},"end":{"line":35,"column":77}},"20":{"start":{"line":36,"column":4},"end":{"line":36,"column":59}},"21":{"start":{"line":37,"column":4},"end":{"line":37,"column":57}},"22":{"start":{"line":39,"column":4},"end":{"line":39,"column":59}},"23":{"start":{"line":40,"column":4},"end":{"line":40,"column":74}},"24":{"start":{"line":41,"column":4},"end":{"line":41,"column":60}},"25":{"start":{"line":42,"column":4},"end":{"line":42,"column":57}},"26":{"start":{"line":45,"column":2},"end":{"line":63,"column":5}},"27":{"start":{"line":46,"column":25},"end":{"line":48,"column":5}},"28":{"start":{"line":49,"column":24},"end":{"line":49,"column":79}},"29":{"start":{"line":50,"column":4},"end":{"line":50,"column":67}},"30":{"start":{"line":51,"column":4},"end":{"line":51,"column":56}},"31":{"start":{"line":53,"column":4},"end":{"line":53,"column":70}},"32":{"start":{"line":54,"column":4},"end":{"line":54,"column":78}},"33":{"start":{"line":55,"column":4},"end":{"line":55,"column":67}},"34":{"start":{"line":56,"column":4},"end":{"line":56,"column":56}},"35":{"start":{"line":57,"column":4},"end":{"line":57,"column":67}},"36":{"start":{"line":59,"column":4},"end":{"line":59,"column":64}},"37":{"start":{"line":60,"column":4},"end":{"line":60,"column":75}},"38":{"start":{"line":61,"column":4},"end":{"line":61,"column":67}},"39":{"start":{"line":62,"column":4},"end":{"line":62,"column":56}}},"fnMap":{"0":{"name":"(anonymous_0)","decl":{"start":{"line":6,"column":29},"end":{"line":6,"column":30}},"loc":{"start":{"line":6,"column":35},"end":{"line":64,"column":1}},"line":6},"1":{"name":"(anonymous_1)","decl":{"start":{"line":7,"column":36},"end":{"line":7,"column":37}},"loc":{"start":{"line":7,"column":42},"end":{"line":12,"column":3}},"line":7},"2":{"name":"(anonymous_2)","decl":{"start":{"line":14,"column":48},"end":{"line":14,"column":49}},"loc":{"start":{"line":14,"column":54},"end":{"line":23,"column":3}},"line":14},"3":{"name":"(anonymous_3)","decl":{"start":{"line":25,"column":42},"end":{"line":25,"column":43}},"loc":{"start":{"line":25,"column":48},"end":{"line":31,"column":3}},"line":25},"4":{"name":"(anonymous_4)","decl":{"start":{"line":33,"column":38},"end":{"line":33,"column":39}},"loc":{"start":{"line":33,"column":44},"end":{"line":43,"column":3}},"line":33},"5":{"name":"(anonymous_5)","decl":{"start":{"line":45,"column":41},"end":{"line":45,"column":42}},"loc":{"start":{"line":45,"column":47},"end":{"line":63,"column":3}},"line":45}},"branchMap":{},"s":{"0":0,"1":0,"2":0,"3":0,"4":0,"5":0,"6":0,"7":0,"8":0,"9":0,"10":0,"11":0,"12":0,"13":0,"14":0,"15":0,"16":0,"17":0,"18":0,"19":0,"20":0,"21":0,"22":0,"23":0,"24":0,"25":0,"26":0,"27":0,"28":0,"29":0,"30":0,"31":0,"32":0,"33":0,"34":0,"35":0,"36":0,"37":0,"38":0,"39":0},"f":{"0":0,"1":0,"2":0,"3":0,"4":0,"5":0},"b":{}}
,"/Users/hanzvaldez/Documents/RRC/WEBD-3012 Business Systems Build and Testing/Coding Assignment 13/src/components/Button/Button.tsx": {"path":"/Users/hanzvaldez/Documents/RRC/WEBD-3012 Business Systems Build and Testing/Coding Assignment 13/src/components/Button/Button.tsx","statementMap":{"0":{"start":{"line":5,"column":21},"end":{"line":90,"column":1}},"1":{"start":{"line":8,"column":24},"end":{"line":8,"column":66}},"2":{"start":{"line":13,"column":4},"end":{"line":20,"column":5}},"3":{"start":{"line":15,"column":8},"end":{"line":15,"column":26}},"4":{"start":{"line":17,"column":8},"end":{"line":17,"column":27}},"5":{"start":{"line":19,"column":8},"end":{"line":19,"column":27}},"6":{"start":{"line":23,"column":4},"end":{"line":30,"column":5}},"7":{"start":{"line":25,"column":8},"end":{"line":25,"column":22}},"8":{"start":{"line":27,"column":8},"end":{"line":27,"column":22}},"9":{"start":{"line":29,"column":8},"end":{"line":29,"column":22}},"10":{"start":{"line":33,"column":4},"end":{"line":33,"column":41}},"11":{"start":{"line":33,"column":24},"end":{"line":33,"column":41}},"12":{"start":{"line":34,"column":4},"end":{"line":34,"column":60}},"13":{"start":{"line":34,"column":31},"end":{"line":34,"column":60}},"14":{"start":{"line":35,"column":4},"end":{"line":42,"column":5}},"15":{"start":{"line":37,"column":8},"end":{"line":37,"column":25}},"16":{"start":{"line":39,"column":8},"end":{"line":39,"column":25}},"17":{"start":{"line":41,"column":8},"end":{"line":41,"column":25}},"18":{"start":{"line":45,"column":4},"end":{"line":45,"column":41}},"19":{"start":{"line":45,"column":24},"end":{"line":45,"column":41}},"20":{"start":{"line":46,"column":4},"end":{"line":51,"column":5}},"21":{"start":{"line":48,"column":8},"end":{"line":48,"column":25}},"22":{"start":{"line":50,"column":8},"end":{"line":50,"column":25}},"23":{"start":{"line":54,"column":4},"end":{"line":59,"column":5}},"24":{"start":{"line":56,"column":8},"end":{"line":56,"column":35}},"25":{"start":{"line":58,"column":8},"end":{"line":58,"column":22}},"26":{"start":{"line":70,"column":6},"end":{"line":77,"column":7}},"27":{"start":{"line":72,"column":10},"end":{"line":72,"column":28}},"28":{"start":{"line":74,"column":10},"end":{"line":74,"column":29}},"29":{"start":{"line":76,"column":10},"end":{"line":76,"column":29}},"30":{"start":{"line":80,"column":6},"end":{"line":87,"column":7}},"31":{"start":{"line":82,"column":10},"end":{"line":82,"column":24}},"32":{"start":{"line":84,"column":10},"end":{"line":84,"column":24}},"33":{"start":{"line":86,"column":10},"end":{"line":86,"column":24}},"34":{"start":{"line":92,"column":45},"end":{"line":117,"column":1}},"35":{"start":{"line":102,"column":2},"end":{"line":116,"column":4}}},"fnMap":{"0":{"name":"(anonymous_0)","decl":{"start":{"line":8,"column":12},"end":{"line":8,"column":13}},"loc":{"start":{"line":8,"column":24},"end":{"line":8,"column":66}},"line":8},"1":{"name":"(anonymous_1)","decl":{"start":{"line":12,"column":13},"end":{"line":12,"column":14}},"loc":{"start":{"line":12,"column":24},"end":{"line":21,"column":3}},"line":12},"2":{"name":"(anonymous_2)","decl":{"start":{"line":22,"column":15},"end":{"line":22,"column":16}},"loc":{"start":{"line":22,"column":26},"end":{"line":31,"column":3}},"line":22},"3":{"name":"(anonymous_3)","decl":{"start":{"line":32,"column":22},"end":{"line":32,"column":23}},"loc":{"start":{"line":32,"column":33},"end":{"line":43,"column":3}},"line":32},"4":{"name":"(anonymous_4)","decl":{"start":{"line":44,"column":11},"end":{"line":44,"column":12}},"loc":{"start":{"line":44,"column":22},"end":{"line":52,"column":3}},"line":44},"5":{"name":"(anonymous_5)","decl":{"start":{"line":53,"column":12},"end":{"line":53,"column":13}},"loc":{"start":{"line":53,"column":23},"end":{"line":60,"column":3}},"line":53},"6":{"name":"(anonymous_6)","decl":{"start":{"line":69,"column":15},"end":{"line":69,"column":16}},"loc":{"start":{"line":69,"column":26},"end":{"line":78,"column":5}},"line":69},"7":{"name":"(anonymous_7)","decl":{"start":{"line":79,"column":17},"end":{"line":79,"column":18}},"loc":{"start":{"line":79,"column":28},"end":{"line":88,"column":5}},"line":79},"8":{"name":"(anonymous_8)","decl":{"start":{"line":92,"column":45},"end":{"line":92,"column":46}},"loc":{"start":{"line":101,"column":6},"end":{"line":117,"column":1}},"line":101}},"branchMap":{"0":{"loc":{"start":{"line":8,"column":24},"end":{"line":8,"column":66}},"type":"cond-expr","locations":[{"start":{"line":8,"column":41},"end":{"line":8,"column":54}},{"start":{"line":8,"column":57},"end":{"line":8,"column":66}}],"line":8},"1":{"loc":{"start":{"line":13,"column":4},"end":{"line":20,"column":5}},"type":"switch","locations":[{"start":{"line":14,"column":6},"end":{"line":15,"column":26}},{"start":{"line":16,"column":6},"end":{"line":17,"column":27}},{"start":{"line":18,"column":6},"end":{"line":19,"column":27}}],"line":13},"2":{"loc":{"start":{"line":23,"column":4},"end":{"line":30,"column":5}},"type":"switch","locations":[{"start":{"line":24,"column":6},"end":{"line":25,"column":22}},{"start":{"line":26,"column":6},"end":{"line":27,"column":22}},{"start":{"line":28,"column":6},"end":{"line":29,"column":22}}],"line":23},"3":{"loc":{"start":{"line":33,"column":4},"end":{"line":33,"column":41}},"type":"if","locations":[{"start":{"line":33,"column":4},"end":{"line":33,"column":41}},{"start":{},"end":{}}],"line":33},"4":{"loc":{"start":{"line":34,"column":4},"end":{"line":34,"column":60}},"type":"if","locations":[{"start":{"line":34,"column":4},"end":{"line":34,"column":60}},{"start":{},"end":{}}],"line":34},"5":{"loc":{"start":{"line":35,"column":4},"end":{"line":42,"column":5}},"type":"switch","locations":[{"start":{"line":36,"column":6},"end":{"line":37,"column":25}},{"start":{"line":38,"column":6},"end":{"line":39,"column":25}},{"start":{"line":40,"column":6},"end":{"line":41,"column":25}}],"line":35},"6":{"loc":{"start":{"line":45,"column":4},"end":{"line":45,"column":41}},"type":"if","locations":[{"start":{"line":45,"column":4},"end":{"line":45,"column":41}},{"start":{},"end":{}}],"line":45},"7":{"loc":{"start":{"line":46,"column":4},"end":{"line":51,"column":5}},"type":"switch","locations":[{"start":{"line":47,"column":6},"end":{"line":48,"column":25}},{"start":{"line":49,"column":6},"end":{"line":50,"column":25}}],"line":46},"8":{"loc":{"start":{"line":54,"column":4},"end":{"line":59,"column":5}},"type":"switch","locations":[{"start":{"line":55,"column":6},"end":{"line":56,"column":35}},{"start":{"line":57,"column":6},"end":{"line":58,"column":22}}],"line":54},"9":{"loc":{"start":{"line":70,"column":6},"end":{"line":77,"column":7}},"type":"switch","locations":[{"start":{"line":71,"column":8},"end":{"line":72,"column":28}},{"start":{"line":73,"column":8},"end":{"line":74,"column":29}},{"start":{"line":75,"column":8},"end":{"line":76,"column":29}}],"line":70},"10":{"loc":{"start":{"line":80,"column":6},"end":{"line":87,"column":7}},"type":"switch","locations":[{"start":{"line":81,"column":8},"end":{"line":82,"column":24}},{"start":{"line":83,"column":8},"end":{"line":84,"column":24}},{"start":{"line":85,"column":8},"end":{"line":86,"column":24}}],"line":80},"11":{"loc":{"start":{"line":94,"column":2},"end":{"line":94,"column":17}},"type":"default-arg","locations":[{"start":{"line":94,"column":9},"end":{"line":94,"column":17}}],"line":94},"12":{"loc":{"start":{"line":95,"column":2},"end":{"line":95,"column":21}},"type":"default-arg","locations":[{"start":{"line":95,"column":12},"end":{"line":95,"column":21}}],"line":95},"13":{"loc":{"start":{"line":96,"column":2},"end":{"line":96,"column":18}},"type":"default-arg","locations":[{"start":{"line":96,"column":13},"end":{"line":96,"column":18}}],"line":96}},"s":{"0":1,"1":8,"2":8,"3":2,"4":1,"5":5,"6":8,"7":2,"8":1,"9":5,"10":8,"11":1,"12":7,"13":0,"14":7,"15":1,"16":1,"17":5,"18":8,"19":1,"20":7,"21":1,"22":6,"23":8,"24":1,"25":7,"26":8,"27":2,"28":1,"29":5,"30":8,"31":2,"32":1,"33":5,"34":1,"35":8},"f":{"0":8,"1":8,"2":8,"3":8,"4":8,"5":8,"6":8,"7":8,"8":8},"b":{"0":[1,7],"1":[2,1,5],"2":[2,1,5],"3":[1,7],"4":[0,7],"5":[1,1,5],"6":[1,7],"7":[1,6],"8":[1,7],"9":[2,1,5],"10":[2,1,5],"11":[4],"12":[4],"13":[7]},"_coverageSchema":"1a1c01bbd47fc00a2c39e90264f33305004495a9","hash":"aa26deca0c734933d12dd115e9104a3c6b6694b5"}
,"/Users/hanzvaldez/Documents/RRC/WEBD-3012 Business Systems Build and Testing/Coding Assignment 13/src/components/Button/Button.types.tsx": {"path":"/Users/hanzvaldez/Documents/RRC/WEBD-3012 Business Systems Build and Testing/Coding Assignment 13/src/components/Button/Button.types.tsx","statementMap":{},"fnMap":{},"branchMap":{},"s":{},"f":{},"b":{}}
,"/Users/hanzvaldez/Documents/RRC/WEBD-3012 Business Systems Build and Testing/Coding Assignment 13/src/components/Button/index.ts": {"path":"/Users/hanzvaldez/Documents/RRC/WEBD-3012 Business Systems Build and Testing/Coding Assignment 13/src/components/Button/index.ts","statementMap":{},"fnMap":{},"branchMap":{},"s":{},"f":{},"b":{},"_coverageSchema":"1a1c01bbd47fc00a2c39e90264f33305004495a9","hash":"908edd6a6ecfdbb4ae61639acaea2902a4383b69"}
,"/Users/hanzvaldez/Documents/RRC/WEBD-3012 Business Systems Build and Testing/Coding Assignment 13/src/components/Card/Card.stories.tsx": {"path":"/Users/hanzvaldez/Documents/RRC/WEBD-3012 Business Systems Build and Testing/Coding Assignment 13/src/components/Card/Card.stories.tsx","statementMap":{"0":{"start":{"line":6,"column":32},"end":{"line":21,"column":1}},"1":{"start":{"line":26,"column":30},"end":{"line":32,"column":1}},"2":{"start":{"line":34,"column":32},"end":{"line":38,"column":1}},"3":{"start":{"line":40,"column":34},"end":{"line":45,"column":1}},"4":{"start":{"line":47,"column":41},"end":{"line":58,"column":1}},"5":{"start":{"line":60,"column":38},"end":{"line":67,"column":1}},"6":{"start":{"line":69,"column":31},"end":{"line":76,"column":1}},"7":{"start":{"line":78,"column":31},"end":{"line":86,"column":1}},"8":{"start":{"line":88,"column":31},"end":{"line":94,"column":1}},"9":{"start":{"line":96,"column":39},"end":{"line":103,"column":1}},"10":{"start":{"line":105,"column":34},"end":{"line":126,"column":1}},"11":{"start":{"line":128,"column":35},"end":{"line":146,"column":1}},"12":{"start":{"line":148,"column":37},"end":{"line":172,"column":1}},"13":{"start":{"line":150,"column":4},"end":{"line":170,"column":10}}},"fnMap":{"0":{"name":"(anonymous_0)","decl":{"start":{"line":149,"column":10},"end":{"line":149,"column":11}},"loc":{"start":{"line":150,"column":4},"end":{"line":170,"column":10}},"line":150}},"branchMap":{},"s":{"0":0,"1":0,"2":0,"3":0,"4":0,"5":0,"6":0,"7":0,"8":0,"9":0,"10":0,"11":0,"12":0,"13":0},"f":{"0":0},"b":{}}
,"/Users/hanzvaldez/Documents/RRC/WEBD-3012 Business Systems Build and Testing/Coding Assignment 13/src/components/Card/Card.tests.tsx": {"path":"/Users/hanzvaldez/Documents/RRC/WEBD-3012 Business Systems Build and Testing/Coding Assignment 13/src/components/Card/Card.tests.tsx","statementMap":{"0":{"start":{"line":6,"column":0},"end":{"line":117,"column":3}},"1":{"start":{"line":7,"column":2},"end":{"line":15,"column":5}},"2":{"start":{"line":8,"column":4},"end":{"line":8,"column":63}},"3":{"start":{"line":10,"column":4},"end":{"line":10,"column":63}},"4":{"start":{"line":11,"column":4},"end":{"line":11,"column":65}},"5":{"start":{"line":13,"column":24},"end":{"line":13,"column":69}},"6":{"start":{"line":14,"column":4},"end":{"line":14,"column":38}},"7":{"start":{"line":17,"column":2},"end":{"line":22,"column":5}},"8":{"start":{"line":18,"column":4},"end":{"line":18,"column":40}},"9":{"start":{"line":20,"column":4},"end":{"line":20,"column":63}},"10":{"start":{"line":21,"column":4},"end":{"line":21,"column":71}},"11":{"start":{"line":24,"column":2},"end":{"line":29,"column":5}},"12":{"start":{"line":25,"column":4},"end":{"line":25,"column":44}},"13":{"start":{"line":27,"column":4},"end":{"line":27,"column":65}},"14":{"start":{"line":28,"column":4},"end":{"line":28,"column":69}},"15":{"start":{"line":31,"column":2},"end":{"line":41,"column":5}},"16":{"start":{"line":32,"column":4},"end":{"line":36,"column":6}},"17":{"start":{"line":38,"column":4},"end":{"line":38,"column":64}},"18":{"start":{"line":39,"column":4},"end":{"line":39,"column":69}},"19":{"start":{"line":40,"column":4},"end":{"line":40,"column":76}},"20":{"start":{"line":43,"column":2},"end":{"line":57,"column":5}},"21":{"start":{"line":44,"column":4},"end":{"line":48,"column":6}},"22":{"start":{"line":50,"column":4},"end":{"line":50,"column":66}},"23":{"start":{"line":51,"column":4},"end":{"line":53,"column":26}},"24":{"start":{"line":54,"column":4},"end":{"line":56,"column":30}},"25":{"start":{"line":59,"column":2},"end":{"line":65,"column":5}},"26":{"start":{"line":60,"column":4},"end":{"line":60,"column":79}},"27":{"start":{"line":61,"column":24},"end":{"line":61,"column":72}},"28":{"start":{"line":63,"column":4},"end":{"line":63,"column":59}},"29":{"start":{"line":64,"column":4},"end":{"line":64,"column":52}},"30":{"start":{"line":67,"column":2},"end":{"line":72,"column":5}},"31":{"start":{"line":68,"column":4},"end":{"line":68,"column":73}},"32":{"start":{"line":69,"column":24},"end":{"line":69,"column":76}},"33":{"start":{"line":71,"column":4},"end":{"line":71,"column":65}},"34":{"start":{"line":74,"column":2},"end":{"line":80,"column":5}},"35":{"start":{"line":75,"column":4},"end":{"line":75,"column":69}},"36":{"start":{"line":76,"column":24},"end":{"line":76,"column":69}},"37":{"start":{"line":78,"column":4},"end":{"line":78,"column":52}},"38":{"start":{"line":79,"column":4},"end":{"line":79,"column":53}},"39":{"start":{"line":82,"column":2},"end":{"line":91,"column":5}},"40":{"start":{"line":83,"column":4},"end":{"line":83,"column":68}},"41":{"start":{"line":84,"column":24},"end":{"line":84,"column":71}},"42":{"start":{"line":86,"column":4},"end":{"line":86,"column":65}},"43":{"start":{"line":87,"column":4},"end":{"line":87,"column":55}},"44":{"start":{"line":88,"column":4},"end":{"line":88,"column":50}},"45":{"start":{"line":89,"column":4},"end":{"line":89,"column":51}},"46":{"start":{"line":90,"column":4},"end":{"line":90,"column":52}},"47":{"start":{"line":93,"column":2},"end":{"line":98,"column":5}},"48":{"start":{"line":94,"column":4},"end":{"line":94,"column":66}},"49":{"start":{"line":95,"column":24},"end":{"line":95,"column":71}},"50":{"start":{"line":97,"column":4},"end":{"line":97,"column":51}},"51":{"start":{"line":100,"column":2},"end":{"line":106,"column":5}},"52":{"start":{"line":101,"column":4},"end":{"line":101,"column":21}},"53":{"start":{"line":104,"column":24},"end":{"line":104,"column":53}},"54":{"start":{"line":105,"column":4},"end":{"line":105,"column":44}},"55":{"start":{"line":108,"column":2},"end":{"line":116,"column":5}},"56":{"start":{"line":110,"column":6},"end":{"line":110,"column":162}},"57":{"start":{"line":112,"column":4},"end":{"line":112,"column":69}},"58":{"start":{"line":114,"column":4},"end":{"line":114,"column":70}},"59":{"start":{"line":115,"column":4},"end":{"line":115,"column":62}}},"fnMap":{"0":{"name":"(anonymous_0)","decl":{"start":{"line":6,"column":27},"end":{"line":6,"column":28}},"loc":{"start":{"line":6,"column":33},"end":{"line":117,"column":1}},"line":6},"1":{"name":"(anonymous_1)","decl":{"start":{"line":7,"column":46},"end":{"line":7,"column":47}},"loc":{"start":{"line":7,"column":52},"end":{"line":15,"column":3}},"line":7},"2":{"name":"(anonymous_2)","decl":{"start":{"line":17,"column":39},"end":{"line":17,"column":40}},"loc":{"start":{"line":17,"column":45},"end":{"line":22,"column":3}},"line":17},"3":{"name":"(anonymous_3)","decl":{"start":{"line":24,"column":41},"end":{"line":24,"column":42}},"loc":{"start":{"line":24,"column":47},"end":{"line":29,"column":3}},"line":24},"4":{"name":"(anonymous_4)","decl":{"start":{"line":31,"column":44},"end":{"line":31,"column":45}},"loc":{"start":{"line":31,"column":50},"end":{"line":41,"column":3}},"line":31},"5":{"name":"(anonymous_5)","decl":{"start":{"line":43,"column":49},"end":{"line":43,"column":50}},"loc":{"start":{"line":43,"column":55},"end":{"line":57,"column":3}},"line":43},"6":{"name":"(anonymous_6)","decl":{"start":{"line":59,"column":48},"end":{"line":59,"column":49}},"loc":{"start":{"line":59,"column":54},"end":{"line":65,"column":3}},"line":59},"7":{"name":"(anonymous_7)","decl":{"start":{"line":67,"column":42},"end":{"line":67,"column":43}},"loc":{"start":{"line":67,"column":48},"end":{"line":72,"column":3}},"line":67},"8":{"name":"(anonymous_8)","decl":{"start":{"line":74,"column":42},"end":{"line":74,"column":43}},"loc":{"start":{"line":74,"column":48},"end":{"line":80,"column":3}},"line":74},"9":{"name":"(anonymous_9)","decl":{"start":{"line":82,"column":37},"end":{"line":82,"column":38}},"loc":{"start":{"line":82,"column":43},"end":{"line":91,"column":3}},"line":82},"10":{"name":"(anonymous_10)","decl":{"start":{"line":93,"column":35},"end":{"line":93,"column":36}},"loc":{"start":{"line":93,"column":41},"end":{"line":98,"column":3}},"line":93},"11":{"name":"(anonymous_11)","decl":{"start":{"line":100,"column":40},"end":{"line":100,"column":41}},"loc":{"start":{"line":100,"column":46},"end":{"line":106,"column":3}},"line":100},"12":{"name":"(anonymous_12)","decl":{"start":{"line":108,"column":40},"end":{"line":108,"column":41}},"loc":{"start":{"line":108,"column":46},"end":{"line":116,"column":3}},"line":108}},"branchMap":{},"s":{"0":0,"1":0,"2":0,"3":0,"4":0,"5":0,"6":0,"7":0,"8":0,"9":0,"10":0,"11":0,"12":0,"13":0,"14":0,"15":0,"16":0,"17":0,"18":0,"19":0,"20":0,"21":0,"22":0,"23":0,"24":0,"25":0,"26":0,"27":0,"28":0,"29":0,"30":0,"31":0,"32":0,"33":0,"34":0,"35":0,"36":0,"37":0,"38":0,"39":0,"40":0,"41":0,"42":0,"43":0,"44":0,"45":0,"46":0,"47":0,"48":0,"49":0,"50":0,"51":0,"52":0,"53":0,"54":0,"55":0,"56":0,"57":0,"58":0,"59":0},"f":{"0":0,"1":0,"2":0,"3":0,"4":0,"5":0,"6":0,"7":0,"8":0,"9":0,"10":0,"11":0,"12":0},"b":{}}
,"/Users/hanzvaldez/Documents/RRC/WEBD-3012 Business Systems Build and Testing/Coding Assignment 13/src/components/Card/Card.tsx": {"path":"/Users/hanzvaldez/Documents/RRC/WEBD-3012 Business Systems Build and Testing/Coding Assignment 13/src/components/Card/Card.tsx","statementMap":{"0":{"start":{"line":5,"column":19},"end":{"line":37,"column":1}},"1":{"start":{"line":6,"column":33},"end":{"line":6,"column":67}},"2":{"start":{"line":12,"column":22},"end":{"line":12,"column":43}},"3":{"start":{"line":13,"column":23},"end":{"line":13,"column":45}},"4":{"start":{"line":14,"column":25},"end":{"line":14,"column":49}},"5":{"start":{"line":15,"column":24},"end":{"line":15,"column":66}},"6":{"start":{"line":39,"column":18},"end":{"line":55,"column":1}},"7":{"start":{"line":57,"column":20},"end":{"line":70,"column":1}},"8":{"start":{"line":72,"column":24},"end":{"line":85,"column":1}},"9":{"start":{"line":87,"column":41},"end":{"line":117,"column":1}},"10":{"start":{"line":98,"column":2},"end":{"line":116,"column":4}}},"fnMap":{"0":{"name":"(anonymous_0)","decl":{"start":{"line":6,"column":22},"end":{"line":6,"column":23}},"loc":{"start":{"line":6,"column":33},"end":{"line":6,"column":67}},"line":6},"1":{"name":"(anonymous_1)","decl":{"start":{"line":12,"column":11},"end":{"line":12,"column":12}},"loc":{"start":{"line":12,"column":22},"end":{"line":12,"column":43}},"line":12},"2":{"name":"(anonymous_2)","decl":{"start":{"line":13,"column":12},"end":{"line":13,"column":13}},"loc":{"start":{"line":13,"column":23},"end":{"line":13,"column":45}},"line":13},"3":{"name":"(anonymous_3)","decl":{"start":{"line":14,"column":13},"end":{"line":14,"column":14}},"loc":{"start":{"line":14,"column":25},"end":{"line":14,"column":49}},"line":14},"4":{"name":"(anonymous_4)","decl":{"start":{"line":15,"column":12},"end":{"line":15,"column":13}},"loc":{"start":{"line":15,"column":24},"end":{"line":15,"column":66}},"line":15},"5":{"name":"(anonymous_5)","decl":{"start":{"line":87,"column":41},"end":{"line":87,"column":42}},"loc":{"start":{"line":97,"column":6},"end":{"line":117,"column":1}},"line":97}},"branchMap":{"0":{"loc":{"start":{"line":6,"column":33},"end":{"line":6,"column":67}},"type":"binary-expr","locations":[{"start":{"line":6,"column":33},"end":{"line":6,"column":54}},{"start":{"line":6,"column":58},"end":{"line":6,"column":67}}],"line":6},"1":{"loc":{"start":{"line":12,"column":22},"end":{"line":12,"column":43}},"type":"binary-expr","locations":[{"start":{"line":12,"column":22},"end":{"line":12,"column":33}},{"start":{"line":12,"column":37},"end":{"line":12,"column":43}}],"line":12},"2":{"loc":{"start":{"line":13,"column":23},"end":{"line":13,"column":45}},"type":"binary-expr","locations":[{"start":{"line":13,"column":23},"end":{"line":13,"column":35}},{"start":{"line":13,"column":39},"end":{"line":13,"column":45}}],"line":13},"3":{"loc":{"start":{"line":14,"column":25},"end":{"line":14,"column":49}},"type":"cond-expr","locations":[{"start":{"line":14,"column":42},"end":{"line":14,"column":45}},{"start":{"line":14,"column":48},"end":{"line":14,"column":49}}],"line":14},"4":{"loc":{"start":{"line":15,"column":24},"end":{"line":15,"column":66}},"type":"cond-expr","locations":[{"start":{"line":15,"column":41},"end":{"line":15,"column":54}},{"start":{"line":15,"column":57},"end":{"line":15,"column":66}}],"line":15},"5":{"loc":{"start":{"line":93,"column":2},"end":{"line":93,"column":18}},"type":"default-arg","locations":[{"start":{"line":93,"column":13},"end":{"line":93,"column":18}}],"line":93},"6":{"loc":{"start":{"line":109,"column":7},"end":{"line":109,"column":46}},"type":"binary-expr","locations":[{"start":{"line":109,"column":7},"end":{"line":109,"column":12}},{"start":{"line":109,"column":16},"end":{"line":109,"column":46}}],"line":109},"7":{"loc":{"start":{"line":110,"column":7},"end":{"line":114,"column":14}},"type":"cond-expr","locations":[{"start":{"line":111,"column":8},"end":{"line":111,"column":45}},{"start":{"line":112,"column":10},"end":{"line":114,"column":14}}],"line":110},"8":{"loc":{"start":{"line":112,"column":10},"end":{"line":114,"column":14}},"type":"cond-expr","locations":[{"start":{"line":113,"column":8},"end":{"line":113,"column":52}},{"start":{"line":114,"column":10},"end":{"line":114,"column":14}}],"line":112}},"s":{"0":1,"1":3,"2":3,"3":3,"4":3,"5":3,"6":1,"7":1,"8":1,"9":1,"10":3},"f":{"0":3,"1":3,"2":3,"3":3,"4":3,"5":3},"b":{"0":[3,3],"1":[3,0],"2":[3,3],"3":[1,2],"4":[1,2],"5":[2],"6":[3,3],"7":[1,2],"8":[2,0]},"_coverageSchema":"1a1c01bbd47fc00a2c39e90264f33305004495a9","hash":"859db0c86e4c98db14c6c2071161c1b453c65208"}
,"/Users/hanzvaldez/Documents/RRC/WEBD-3012 Business Systems Build and Testing/Coding Assignment 13/src/components/Card/Card.types.tsx": {"path":"/Users/hanzvaldez/Documents/RRC/WEBD-3012 Business Systems Build and Testing/Coding Assignment 13/src/components/Card/Card.types.tsx","statementMap":{},"fnMap":{},"branchMap":{},"s":{},"f":{},"b":{}}
,"/Users/hanzvaldez/Documents/RRC/WEBD-3012 Business Systems Build and Testing/Coding Assignment 13/src/components/Card/index.ts": {"path":"/Users/hanzvaldez/Documents/RRC/WEBD-3012 Business Systems Build and Testing/Coding Assignment 13/src/components/Card/index.ts","statementMap":{},"fnMap":{},"branchMap":{},"s":{},"f":{},"b":{},"_coverageSchema":"1a1c01bbd47fc00a2c39e90264f33305004495a9","hash":"722b4c71c415c3ac4a17ec3e6f190d391dcb305c"}
,"/Users/hanzvaldez/Documents/RRC/WEBD-3012 Business Systems Build and Testing/Coding Assignment 13/src/components/Dropdown/Dropdown.stories.tsx": {"path":"/Users/hanzvaldez/Documents/RRC/WEBD-3012 Business Systems Build and Testing/Coding Assignment 13/src/components/Dropdown/Dropdown.stories.tsx","statementMap":{"0":{"start":{"line":4,"column":36},"end":{"line":17,"column":1}},"1":{"start":{"line":22,"column":22},"end":{"line":26,"column":1}},"2":{"start":{"line":28,"column":23},"end":{"line":34,"column":1}},"3":{"start":{"line":36,"column":30},"end":{"line":41,"column":1}},"4":{"start":{"line":43,"column":32},"end":{"line":49,"column":1}},"5":{"start":{"line":51,"column":32},"end":{"line":56,"column":1}},"6":{"start":{"line":58,"column":31},"end":{"line":64,"column":1}},"7":{"start":{"line":66,"column":39},"end":{"line":72,"column":1}},"8":{"start":{"line":74,"column":40},"end":{"line":79,"column":1}}},"fnMap":{},"branchMap":{},"s":{"0":0,"1":0,"2":0,"3":0,"4":0,"5":0,"6":0,"7":0,"8":0},"f":{},"b":{}}
,"/Users/hanzvaldez/Documents/RRC/WEBD-3012 Business Systems Build and Testing/Coding Assignment 13/src/components/Dropdown/Dropdown.tests.tsx": {"path":"/Users/hanzvaldez/Documents/RRC/WEBD-3012 Business Systems Build and Testing/Coding Assignment 13/src/components/Dropdown/Dropdown.tests.tsx","statementMap":{"0":{"start":{"line":6,"column":22},"end":{"line":10,"column":1}},"1":{"start":{"line":12,"column":0},"end":{"line":93,"column":3}},"2":{"start":{"line":13,"column":2},"end":{"line":23,"column":5}},"3":{"start":{"line":14,"column":4},"end":{"line":14,"column":80}},"4":{"start":{"line":15,"column":26},"end":{"line":15,"column":54}},"5":{"start":{"line":16,"column":4},"end":{"line":16,"column":46}},"6":{"start":{"line":17,"column":4},"end":{"line":17,"column":40}},"7":{"start":{"line":19,"column":4},"end":{"line":19,"column":69}},"8":{"start":{"line":20,"column":4},"end":{"line":20,"column":61}},"9":{"start":{"line":21,"column":4},"end":{"line":21,"column":61}},"10":{"start":{"line":22,"column":4},"end":{"line":22,"column":61}},"11":{"start":{"line":25,"column":2},"end":{"line":38,"column":5}},"12":{"start":{"line":26,"column":4},"end":{"line":32,"column":6}},"13":{"start":{"line":33,"column":26},"end":{"line":33,"column":54}},"14":{"start":{"line":34,"column":4},"end":{"line":34,"column":41}},"15":{"start":{"line":35,"column":4},"end":{"line":35,"column":61}},"16":{"start":{"line":36,"column":4},"end":{"line":36,"column":67}},"17":{"start":{"line":37,"column":4},"end":{"line":37,"column":56}},"18":{"start":{"line":40,"column":2},"end":{"line":50,"column":5}},"19":{"start":{"line":41,"column":4},"end":{"line":47,"column":6}},"20":{"start":{"line":48,"column":26},"end":{"line":48,"column":54}},"21":{"start":{"line":49,"column":4},"end":{"line":49,"column":67}},"22":{"start":{"line":52,"column":2},"end":{"line":65,"column":5}},"23":{"start":{"line":53,"column":25},"end":{"line":53,"column":34}},"24":{"start":{"line":54,"column":4},"end":{"line":60,"column":6}},"25":{"start":{"line":61,"column":26},"end":{"line":61,"column":54}},"26":{"start":{"line":63,"column":4},"end":{"line":63,"column":70}},"27":{"start":{"line":64,"column":4},"end":{"line":64,"column":57}},"28":{"start":{"line":67,"column":2},"end":{"line":77,"column":5}},"29":{"start":{"line":68,"column":4},"end":{"line":74,"column":6}},"30":{"start":{"line":75,"column":26},"end":{"line":75,"column":75}},"31":{"start":{"line":76,"column":4},"end":{"line":76,"column":48}},"32":{"start":{"line":79,"column":2},"end":{"line":85,"column":5}},"33":{"start":{"line":80,"column":4},"end":{"line":80,"column":80}},"34":{"start":{"line":81,"column":26},"end":{"line":81,"column":54}},"35":{"start":{"line":82,"column":4},"end":{"line":82,"column":67}},"36":{"start":{"line":83,"column":4},"end":{"line":83,"column":57}},"37":{"start":{"line":84,"column":4},"end":{"line":84,"column":56}},"38":{"start":{"line":87,"column":2},"end":{"line":92,"column":5}},"39":{"start":{"line":88,"column":4},"end":{"line":90,"column":6}},"40":{"start":{"line":91,"column":4},"end":{"line":91,"column":71}}},"fnMap":{"0":{"name":"(anonymous_0)","decl":{"start":{"line":12,"column":31},"end":{"line":12,"column":32}},"loc":{"start":{"line":12,"column":37},"end":{"line":93,"column":1}},"line":12},"1":{"name":"(anonymous_1)","decl":{"start":{"line":13,"column":40},"end":{"line":13,"column":41}},"loc":{"start":{"line":13,"column":46},"end":{"line":23,"column":3}},"line":13},"2":{"name":"(anonymous_2)","decl":{"start":{"line":25,"column":48},"end":{"line":25,"column":49}},"loc":{"start":{"line":25,"column":54},"end":{"line":38,"column":3}},"line":25},"3":{"name":"(anonymous_3)","decl":{"start":{"line":40,"column":42},"end":{"line":40,"column":43}},"loc":{"start":{"line":40,"column":48},"end":{"line":50,"column":3}},"line":40},"4":{"name":"(anonymous_4)","decl":{"start":{"line":52,"column":34},"end":{"line":52,"column":35}},"loc":{"start":{"line":52,"column":40},"end":{"line":65,"column":3}},"line":52},"5":{"name":"(anonymous_5)","decl":{"start":{"line":67,"column":34},"end":{"line":67,"column":35}},"loc":{"start":{"line":67,"column":40},"end":{"line":77,"column":3}},"line":67},"6":{"name":"(anonymous_6)","decl":{"start":{"line":79,"column":37},"end":{"line":79,"column":38}},"loc":{"start":{"line":79,"column":43},"end":{"line":85,"column":3}},"line":79},"7":{"name":"(anonymous_7)","decl":{"start":{"line":87,"column":41},"end":{"line":87,"column":42}},"loc":{"start":{"line":87,"column":47},"end":{"line":92,"column":3}},"line":87}},"branchMap":{},"s":{"0":0,"1":0,"2":0,"3":0,"4":0,"5":0,"6":0,"7":0,"8":0,"9":0,"10":0,"11":0,"12":0,"13":0,"14":0,"15":0,"16":0,"17":0,"18":0,"19":0,"20":0,"21":0,"22":0,"23":0,"24":0,"25":0,"26":0,"27":0,"28":0,"29":0,"30":0,"31":0,"32":0,"33":0,"34":0,"35":0,"36":0,"37":0,"38":0,"39":0,"40":0},"f":{"0":0,"1":0,"2":0,"3":0,"4":0,"5":0,"6":0,"7":0},"b":{}}
,"/Users/hanzvaldez/Documents/RRC/WEBD-3012 Business Systems Build and Testing/Coding Assignment 13/src/components/Dropdown/Dropdown.tsx": {"path":"/Users/hanzvaldez/Documents/RRC/WEBD-3012 Business Systems Build and Testing/Coding Assignment 13/src/components/Dropdown/Dropdown.tsx","statementMap":{"0":{"start":{"line":10,"column":21},"end":{"line":47,"column":1}},"1":{"start":{"line":18,"column":4},"end":{"line":18,"column":41}},"2":{"start":{"line":18,"column":24},"end":{"line":18,"column":41}},"3":{"start":{"line":19,"column":4},"end":{"line":19,"column":60}},"4":{"start":{"line":19,"column":31},"end":{"line":19,"column":60}},"5":{"start":{"line":20,"column":4},"end":{"line":20,"column":21}},"6":{"start":{"line":22,"column":23},"end":{"line":22,"column":61}},"7":{"start":{"line":23,"column":24},"end":{"line":23,"column":66}},"8":{"start":{"line":49,"column":21},"end":{"line":53,"column":1}},"9":{"start":{"line":55,"column":49},"end":{"line":89,"column":1}},"10":{"start":{"line":65,"column":23},"end":{"line":69,"column":3}},"11":{"start":{"line":66,"column":4},"end":{"line":68,"column":5}},"12":{"start":{"line":67,"column":6},"end":{"line":67,"column":35}},"13":{"start":{"line":71,"column":2},"end":{"line":88,"column":4}},"14":{"start":{"line":83,"column":8},"end":{"line":85,"column":23}}},"fnMap":{"0":{"name":"(anonymous_0)","decl":{"start":{"line":17,"column":22},"end":{"line":17,"column":23}},"loc":{"start":{"line":17,"column":33},"end":{"line":21,"column":3}},"line":17},"1":{"name":"(anonymous_1)","decl":{"start":{"line":22,"column":11},"end":{"line":22,"column":12}},"loc":{"start":{"line":22,"column":23},"end":{"line":22,"column":61}},"line":22},"2":{"name":"(anonymous_2)","decl":{"start":{"line":23,"column":12},"end":{"line":23,"column":13}},"loc":{"start":{"line":23,"column":24},"end":{"line":23,"column":66}},"line":23},"3":{"name":"(anonymous_3)","decl":{"start":{"line":55,"column":49},"end":{"line":55,"column":50}},"loc":{"start":{"line":64,"column":6},"end":{"line":89,"column":1}},"line":64},"4":{"name":"(anonymous_4)","decl":{"start":{"line":65,"column":23},"end":{"line":65,"column":24}},"loc":{"start":{"line":65,"column":72},"end":{"line":69,"column":3}},"line":65},"5":{"name":"(anonymous_5)","decl":{"start":{"line":82,"column":19},"end":{"line":82,"column":20}},"loc":{"start":{"line":83,"column":8},"end":{"line":85,"column":23}},"line":83}},"branchMap":{"0":{"loc":{"start":{"line":18,"column":4},"end":{"line":18,"column":41}},"type":"if","locations":[{"start":{"line":18,"column":4},"end":{"line":18,"column":41}},{"start":{},"end":{}}],"line":18},"1":{"loc":{"start":{"line":19,"column":4},"end":{"line":19,"column":60}},"type":"if","locations":[{"start":{"line":19,"column":4},"end":{"line":19,"column":60}},{"start":{},"end":{}}],"line":19},"2":{"loc":{"start":{"line":22,"column":23},"end":{"line":22,"column":61}},"type":"cond-expr","locations":[{"start":{"line":22,"column":40},"end":{"line":22,"column":49}},{"start":{"line":22,"column":52},"end":{"line":22,"column":61}}],"line":22},"3":{"loc":{"start":{"line":23,"column":24},"end":{"line":23,"column":66}},"type":"cond-expr","locations":[{"start":{"line":23,"column":41},"end":{"line":23,"column":54}},{"start":{"line":23,"column":57},"end":{"line":23,"column":66}}],"line":23},"4":{"loc":{"start":{"line":57,"column":2},"end":{"line":57,"column":34}},"type":"default-arg","locations":[{"start":{"line":57,"column":16},"end":{"line":57,"column":34}}],"line":57},"5":{"loc":{"start":{"line":59,"column":2},"end":{"line":59,"column":18}},"type":"default-arg","locations":[{"start":{"line":59,"column":13},"end":{"line":59,"column":18}}],"line":59},"6":{"loc":{"start":{"line":66,"column":4},"end":{"line":68,"column":5}},"type":"if","locations":[{"start":{"line":66,"column":4},"end":{"line":68,"column":5}},{"start":{},"end":{}}],"line":66},"7":{"loc":{"start":{"line":73,"column":13},"end":{"line":73,"column":24}},"type":"binary-expr","locations":[{"start":{"line":73,"column":13},"end":{"line":73,"column":18}},{"start":{"line":73,"column":22},"end":{"line":73,"column":24}}],"line":73}},"s":{"0":1,"1":1,"2":0,"3":1,"4":0,"5":1,"6":1,"7":1,"8":1,"9":1,"10":1,"11":0,"12":0,"13":1,"14":3},"f":{"0":1,"1":1,"2":1,"3":1,"4":0,"5":3},"b":{"0":[0,1],"1":[0,1],"2":[0,1],"3":[0,1],"4":[0],"5":[1],"6":[0,0],"7":[1,1]},"_coverageSchema":"1a1c01bbd47fc00a2c39e90264f33305004495a9","hash":"345dd6e4d8b44bf3d32b487402867fe314766d9c"}
,"/Users/hanzvaldez/Documents/RRC/WEBD-3012 Business Systems Build and Testing/Coding Assignment 13/src/components/Dropdown/Dropdown.types.tsx": {"path":"/Users/hanzvaldez/Documents/RRC/WEBD-3012 Business Systems Build and Testing/Coding Assignment 13/src/components/Dropdown/Dropdown.types.tsx","statementMap":{},"fnMap":{},"branchMap":{},"s":{},"f":{},"b":{}}
,"/Users/hanzvaldez/Documents/RRC/WEBD-3012 Business Systems Build and Testing/Coding Assignment 13/src/components/Dropdown/index.ts": {"path":"/Users/hanzvaldez/Documents/RRC/WEBD-3012 Business Systems Build and Testing/Coding Assignment 13/src/components/Dropdown/index.ts","statementMap":{},"fnMap":{},"branchMap":{},"s":{},"f":{},"b":{},"_coverageSchema":"1a1c01bbd47fc00a2c39e90264f33305004495a9","hash":"bd564cf923e6e8ba4f957f341bc84b82e70b76e5"}
,"/Users/hanzvaldez/Documents/RRC/WEBD-3012 Business Systems Build and Testing/Coding Assignment 13/src/components/HeroImage/HeroImage.stories.tsx": {"path":"/Users/hanzvaldez/Documents/RRC/WEBD-3012 Business Systems Build and Testing/Coding Assignment 13/src/components/HeroImage/HeroImage.stories.tsx","statementMap":{"0":{"start":{"line":4,"column":37},"end":{"line":20,"column":1}},"1":{"start":{"line":27,"column":2},"end":{"line":27,"column":112}},"2":{"start":{"line":29,"column":2},"end":{"line":29,"column":112}},"3":{"start":{"line":31,"column":2},"end":{"line":31,"column":112}},"4":{"start":{"line":33,"column":30},"end":{"line":40,"column":1}},"5":{"start":{"line":42,"column":34},"end":{"line":47,"column":1}},"6":{"start":{"line":49,"column":32},"end":{"line":55,"column":1}},"7":{"start":{"line":57,"column":35},"end":{"line":63,"column":1}},"8":{"start":{"line":65,"column":35},"end":{"line":73,"column":1}},"9":{"start":{"line":75,"column":34},"end":{"line":83,"column":1}},"10":{"start":{"line":85,"column":31},"end":{"line":93,"column":1}},"11":{"start":{"line":95,"column":39},"end":{"line":103,"column":1}},"12":{"start":{"line":105,"column":34},"end":{"line":113,"column":1}},"13":{"start":{"line":115,"column":37},"end":{"line":129,"column":1}},"14":{"start":{"line":124,"column":6},"end":{"line":126,"column":12}}},"fnMap":{"0":{"name":"(anonymous_0)","decl":{"start":{"line":123,"column":4},"end":{"line":123,"column":5}},"loc":{"start":{"line":124,"column":6},"end":{"line":126,"column":12}},"line":124}},"branchMap":{},"s":{"0":0,"1":0,"2":0,"3":0,"4":0,"5":0,"6":0,"7":0,"8":0,"9":0,"10":0,"11":0,"12":0,"13":0,"14":0},"f":{"0":0},"b":{}}
,"/Users/hanzvaldez/Documents/RRC/WEBD-3012 Business Systems Build and Testing/Coding Assignment 13/src/components/HeroImage/HeroImage.tests.tsx": {"path":"/Users/hanzvaldez/Documents/RRC/WEBD-3012 Business Systems Build and Testing/Coding Assignment 13/src/components/HeroImage/HeroImage.tests.tsx","statementMap":{"0":{"start":{"line":6,"column":0},"end":{"line":128,"column":3}},"1":{"start":{"line":7,"column":25},"end":{"line":7,"column":63}},"2":{"start":{"line":9,"column":2},"end":{"line":16,"column":5}},"3":{"start":{"line":10,"column":4},"end":{"line":10,"column":69}},"4":{"start":{"line":11,"column":24},"end":{"line":11,"column":47}},"5":{"start":{"line":13,"column":4},"end":{"line":13,"column":44}},"6":{"start":{"line":14,"column":4},"end":{"line":14,"column":38}},"7":{"start":{"line":15,"column":4},"end":{"line":15,"column":73}},"8":{"start":{"line":18,"column":2},"end":{"line":30,"column":5}},"9":{"start":{"line":19,"column":4},"end":{"line":26,"column":6}},"10":{"start":{"line":28,"column":4},"end":{"line":28,"column":63}},"11":{"start":{"line":29,"column":4},"end":{"line":29,"column":66}},"12":{"start":{"line":32,"column":2},"end":{"line":43,"column":5}},"13":{"start":{"line":33,"column":4},"end":{"line":39,"column":6}},"14":{"start":{"line":41,"column":4},"end":{"line":41,"column":63}},"15":{"start":{"line":42,"column":4},"end":{"line":42,"column":72}},"16":{"start":{"line":45,"column":2},"end":{"line":56,"column":5}},"17":{"start":{"line":46,"column":4},"end":{"line":52,"column":6}},"18":{"start":{"line":54,"column":4},"end":{"line":54,"column":66}},"19":{"start":{"line":55,"column":4},"end":{"line":55,"column":69}},"20":{"start":{"line":58,"column":2},"end":{"line":64,"column":5}},"21":{"start":{"line":59,"column":4},"end":{"line":59,"column":76}},"22":{"start":{"line":60,"column":24},"end":{"line":60,"column":47}},"23":{"start":{"line":62,"column":4},"end":{"line":62,"column":59}},"24":{"start":{"line":63,"column":4},"end":{"line":63,"column":52}},"25":{"start":{"line":66,"column":2},"end":{"line":77,"column":5}},"26":{"start":{"line":67,"column":4},"end":{"line":73,"column":6}},"27":{"start":{"line":74,"column":24},"end":{"line":74,"column":47}},"28":{"start":{"line":76,"column":4},"end":{"line":76,"column":65}},"29":{"start":{"line":79,"column":2},"end":{"line":86,"column":5}},"30":{"start":{"line":80,"column":4},"end":{"line":82,"column":6}},"31":{"start":{"line":83,"column":24},"end":{"line":83,"column":47}},"32":{"start":{"line":85,"column":4},"end":{"line":85,"column":53}},"33":{"start":{"line":88,"column":2},"end":{"line":97,"column":5}},"34":{"start":{"line":89,"column":4},"end":{"line":89,"column":66}},"35":{"start":{"line":90,"column":24},"end":{"line":90,"column":47}},"36":{"start":{"line":92,"column":4},"end":{"line":92,"column":65}},"37":{"start":{"line":93,"column":4},"end":{"line":93,"column":55}},"38":{"start":{"line":94,"column":4},"end":{"line":94,"column":50}},"39":{"start":{"line":95,"column":4},"end":{"line":95,"column":53}},"40":{"start":{"line":96,"column":4},"end":{"line":96,"column":51}},"41":{"start":{"line":99,"column":2},"end":{"line":106,"column":5}},"42":{"start":{"line":100,"column":4},"end":{"line":100,"column":75}},"43":{"start":{"line":101,"column":24},"end":{"line":101,"column":47}},"44":{"start":{"line":103,"column":4},"end":{"line":103,"column":80}},"45":{"start":{"line":104,"column":4},"end":{"line":104,"column":62}},"46":{"start":{"line":105,"column":4},"end":{"line":105,"column":67}},"47":{"start":{"line":108,"column":2},"end":{"line":119,"column":5}},"48":{"start":{"line":109,"column":4},"end":{"line":115,"column":6}},"49":{"start":{"line":116,"column":24},"end":{"line":116,"column":47}},"50":{"start":{"line":118,"column":4},"end":{"line":118,"column":51}},"51":{"start":{"line":121,"column":2},"end":{"line":127,"column":5}},"52":{"start":{"line":122,"column":4},"end":{"line":122,"column":71}},"53":{"start":{"line":123,"column":24},"end":{"line":123,"column":47}},"54":{"start":{"line":125,"column":4},"end":{"line":125,"column":44}},"55":{"start":{"line":126,"column":4},"end":{"line":126,"column":61}}},"fnMap":{"0":{"name":"(anonymous_0)","decl":{"start":{"line":6,"column":32},"end":{"line":6,"column":33}},"loc":{"start":{"line":6,"column":38},"end":{"line":128,"column":1}},"line":6},"1":{"name":"(anonymous_1)","decl":{"start":{"line":9,"column":46},"end":{"line":9,"column":47}},"loc":{"start":{"line":9,"column":52},"end":{"line":16,"column":3}},"line":9},"2":{"name":"(anonymous_2)","decl":{"start":{"line":18,"column":52},"end":{"line":18,"column":53}},"loc":{"start":{"line":18,"column":58},"end":{"line":30,"column":3}},"line":18},"3":{"name":"(anonymous_3)","decl":{"start":{"line":32,"column":60},"end":{"line":32,"column":61}},"loc":{"start":{"line":32,"column":66},"end":{"line":43,"column":3}},"line":32},"4":{"name":"(anonymous_4)","decl":{"start":{"line":45,"column":60},"end":{"line":45,"column":61}},"loc":{"start":{"line":45,"column":66},"end":{"line":56,"column":3}},"line":45},"5":{"name":"(anonymous_5)","decl":{"start":{"line":58,"column":48},"end":{"line":58,"column":49}},"loc":{"start":{"line":58,"column":54},"end":{"line":64,"column":3}},"line":58},"6":{"name":"(anonymous_6)","decl":{"start":{"line":66,"column":42},"end":{"line":66,"column":43}},"loc":{"start":{"line":66,"column":48},"end":{"line":77,"column":3}},"line":66},"7":{"name":"(anonymous_7)","decl":{"start":{"line":79,"column":32},"end":{"line":79,"column":33}},"loc":{"start":{"line":79,"column":38},"end":{"line":86,"column":3}},"line":79},"8":{"name":"(anonymous_8)","decl":{"start":{"line":88,"column":37},"end":{"line":88,"column":38}},"loc":{"start":{"line":88,"column":43},"end":{"line":97,"column":3}},"line":88},"9":{"name":"(anonymous_9)","decl":{"start":{"line":99,"column":45},"end":{"line":99,"column":46}},"loc":{"start":{"line":99,"column":51},"end":{"line":106,"column":3}},"line":99},"10":{"name":"(anonymous_10)","decl":{"start":{"line":108,"column":35},"end":{"line":108,"column":36}},"loc":{"start":{"line":108,"column":41},"end":{"line":119,"column":3}},"line":108},"11":{"name":"(anonymous_11)","decl":{"start":{"line":121,"column":39},"end":{"line":121,"column":40}},"loc":{"start":{"line":121,"column":45},"end":{"line":127,"column":3}},"line":121}},"branchMap":{},"s":{"0":0,"1":0,"2":0,"3":0,"4":0,"5":0,"6":0,"7":0,"8":0,"9":0,"10":0,"11":0,"12":0,"13":0,"14":0,"15":0,"16":0,"17":0,"18":0,"19":0,"20":0,"21":0,"22":0,"23":0,"24":0,"25":0,"26":0,"27":0,"28":0,"29":0,"30":0,"31":0,"32":0,"33":0,"34":0,"35":0,"36":0,"37":0,"38":0,"39":0,"40":0,"41":0,"42":0,"43":0,"44":0,"45":0,"46":0,"47":0,"48":0,"49":0,"50":0,"51":0,"52":0,"53":0,"54":0,"55":0},"f":{"0":0,"1":0,"2":0,"3":0,"4":0,"5":0,"6":0,"7":0,"8":0,"9":0,"10":0,"11":0},"b":{}}
,"/Users/hanzvaldez/Documents/RRC/WEBD-3012 Business Systems Build and Testing/Coding Assignment 13/src/components/HeroImage/HeroImage.tsx": {"path":"/Users/hanzvaldez/Documents/RRC/WEBD-3012 Business Systems Build and Testing/Coding Assignment 13/src/components/HeroImage/HeroImage.tsx","statementMap":{"0":{"start":{"line":5,"column":22},"end":{"line":60,"column":1}},"1":{"start":{"line":8,"column":23},"end":{"line":8,"column":46}},"2":{"start":{"line":9,"column":37},"end":{"line":9,"column":46}},"3":{"start":{"line":18,"column":25},"end":{"line":18,"column":49}},"4":{"start":{"line":19,"column":24},"end":{"line":19,"column":66}},"5":{"start":{"line":20,"column":33},"end":{"line":20,"column":67}},"6":{"start":{"line":41,"column":21},"end":{"line":41,"column":44}},"7":{"start":{"line":42,"column":6},"end":{"line":45,"column":7}},"8":{"start":{"line":43,"column":26},"end":{"line":43,"column":42}},"9":{"start":{"line":44,"column":8},"end":{"line":44,"column":54}},"10":{"start":{"line":46,"column":6},"end":{"line":46,"column":21}},"11":{"start":{"line":52,"column":21},"end":{"line":52,"column":44}},"12":{"start":{"line":53,"column":6},"end":{"line":56,"column":7}},"13":{"start":{"line":54,"column":26},"end":{"line":54,"column":42}},"14":{"start":{"line":55,"column":8},"end":{"line":55,"column":53}},"15":{"start":{"line":57,"column":6},"end":{"line":57,"column":21}},"16":{"start":{"line":62,"column":23},"end":{"line":74,"column":1}},"17":{"start":{"line":76,"column":18},"end":{"line":93,"column":1}},"18":{"start":{"line":95,"column":21},"end":{"line":110,"column":1}},"19":{"start":{"line":112,"column":51},"end":{"line":145,"column":1}},"20":{"start":{"line":123,"column":2},"end":{"line":144,"column":4}}},"fnMap":{"0":{"name":"(anonymous_0)","decl":{"start":{"line":8,"column":12},"end":{"line":8,"column":13}},"loc":{"start":{"line":8,"column":23},"end":{"line":8,"column":46}},"line":8},"1":{"name":"(anonymous_1)","decl":{"start":{"line":9,"column":26},"end":{"line":9,"column":27}},"loc":{"start":{"line":9,"column":37},"end":{"line":9,"column":46}},"line":9},"2":{"name":"(anonymous_2)","decl":{"start":{"line":18,"column":13},"end":{"line":18,"column":14}},"loc":{"start":{"line":18,"column":25},"end":{"line":18,"column":49}},"line":18},"3":{"name":"(anonymous_3)","decl":{"start":{"line":19,"column":12},"end":{"line":19,"column":13}},"loc":{"start":{"line":19,"column":24},"end":{"line":19,"column":66}},"line":19},"4":{"name":"(anonymous_4)","decl":{"start":{"line":20,"column":22},"end":{"line":20,"column":23}},"loc":{"start":{"line":20,"column":33},"end":{"line":20,"column":67}},"line":20},"5":{"name":"(anonymous_5)","decl":{"start":{"line":40,"column":14},"end":{"line":40,"column":15}},"loc":{"start":{"line":40,"column":25},"end":{"line":47,"column":5}},"line":40},"6":{"name":"(anonymous_6)","decl":{"start":{"line":51,"column":14},"end":{"line":51,"column":15}},"loc":{"start":{"line":51,"column":25},"end":{"line":58,"column":5}},"line":51},"7":{"name":"(anonymous_7)","decl":{"start":{"line":112,"column":51},"end":{"line":112,"column":52}},"loc":{"start":{"line":122,"column":6},"end":{"line":145,"column":1}},"line":122}},"branchMap":{"0":{"loc":{"start":{"line":8,"column":23},"end":{"line":8,"column":46}},"type":"binary-expr","locations":[{"start":{"line":8,"column":23},"end":{"line":8,"column":35}},{"start":{"line":8,"column":39},"end":{"line":8,"column":46}}],"line":8},"1":{"loc":{"start":{"line":18,"column":25},"end":{"line":18,"column":49}},"type":"cond-expr","locations":[{"start":{"line":18,"column":42},"end":{"line":18,"column":45}},{"start":{"line":18,"column":48},"end":{"line":18,"column":49}}],"line":18},"2":{"loc":{"start":{"line":19,"column":24},"end":{"line":19,"column":66}},"type":"cond-expr","locations":[{"start":{"line":19,"column":41},"end":{"line":19,"column":54}},{"start":{"line":19,"column":57},"end":{"line":19,"column":66}}],"line":19},"3":{"loc":{"start":{"line":20,"column":33},"end":{"line":20,"column":67}},"type":"binary-expr","locations":[{"start":{"line":20,"column":33},"end":{"line":20,"column":54}},{"start":{"line":20,"column":58},"end":{"line":20,"column":67}}],"line":20},"4":{"loc":{"start":{"line":41,"column":21},"end":{"line":41,"column":44}},"type":"binary-expr","locations":[{"start":{"line":41,"column":21},"end":{"line":41,"column":33}},{"start":{"line":41,"column":37},"end":{"line":41,"column":44}}],"line":41},"5":{"loc":{"start":{"line":42,"column":6},"end":{"line":45,"column":7}},"type":"if","locations":[{"start":{"line":42,"column":6},"end":{"line":45,"column":7}},{"start":{},"end":{}}],"line":42},"6":{"loc":{"start":{"line":42,"column":10},"end":{"line":42,"column":61}},"type":"binary-expr","locations":[{"start":{"line":42,"column":10},"end":{"line":42,"column":36}},{"start":{"line":42,"column":40},"end":{"line":42,"column":61}}],"line":42},"7":{"loc":{"start":{"line":52,"column":21},"end":{"line":52,"column":44}},"type":"binary-expr","locations":[{"start":{"line":52,"column":21},"end":{"line":52,"column":33}},{"start":{"line":52,"column":37},"end":{"line":52,"column":44}}],"line":52},"8":{"loc":{"start":{"line":53,"column":6},"end":{"line":56,"column":7}},"type":"if","locations":[{"start":{"line":53,"column":6},"end":{"line":56,"column":7}},{"start":{},"end":{}}],"line":53},"9":{"loc":{"start":{"line":53,"column":10},"end":{"line":53,"column":61}},"type":"binary-expr","locations":[{"start":{"line":53,"column":10},"end":{"line":53,"column":36}},{"start":{"line":53,"column":40},"end":{"line":53,"column":61}}],"line":53},"10":{"loc":{"start":{"line":117,"column":2},"end":{"line":117,"column":18}},"type":"default-arg","locations":[{"start":{"line":117,"column":11},"end":{"line":117,"column":18}}],"line":117},"11":{"loc":{"start":{"line":118,"column":2},"end":{"line":118,"column":18}},"type":"default-arg","locations":[{"start":{"line":118,"column":13},"end":{"line":118,"column":18}}],"line":118},"12":{"loc":{"start":{"line":137,"column":7},"end":{"line":142,"column":7}},"type":"binary-expr","locations":[{"start":{"line":137,"column":8},"end":{"line":137,"column":13}},{"start":{"line":137,"column":17},"end":{"line":137,"column":25}},{"start":{"line":138,"column":8},"end":{"line":141,"column":25}}],"line":137},"13":{"loc":{"start":{"line":139,"column":11},"end":{"line":139,"column":50}},"type":"binary-expr","locations":[{"start":{"line":139,"column":11},"end":{"line":139,"column":16}},{"start":{"line":139,"column":20},"end":{"line":139,"column":50}}],"line":139},"14":{"loc":{"start":{"line":140,"column":11},"end":{"line":140,"column":62}},"type":"binary-expr","locations":[{"start":{"line":140,"column":11},"end":{"line":140,"column":19}},{"start":{"line":140,"column":23},"end":{"line":140,"column":62}}],"line":140}},"s":{"0":1,"1":1,"2":1,"3":1,"4":1,"5":1,"6":1,"7":1,"8":1,"9":1,"10":0,"11":1,"12":1,"13":1,"14":1,"15":0,"16":1,"17":1,"18":1,"19":1,"20":1},"f":{"0":1,"1":1,"2":1,"3":1,"4":1,"5":1,"6":1,"7":1},"b":{"0":[1,0],"1":[0,1],"2":[0,1],"3":[1,1],"4":[1,0],"5":[1,0],"6":[1,1],"7":[1,0],"8":[1,0],"9":[1,1],"10":[0],"11":[1],"12":[1,0,1],"13":[1,1],"14":[1,1]},"_coverageSchema":"1a1c01bbd47fc00a2c39e90264f33305004495a9","hash":"573c130897d3086004b0782402baa2d0b9a6c846"}
,"/Users/hanzvaldez/Documents/RRC/WEBD-3012 Business Systems Build and Testing/Coding Assignment 13/src/components/HeroImage/HeroImage.types.tsx": {"path":"/Users/hanzvaldez/Documents/RRC/WEBD-3012 Business Systems Build and Testing/Coding Assignment 13/src/components/HeroImage/HeroImage.types.tsx","statementMap":{},"fnMap":{},"branchMap":{},"s":{},"f":{},"b":{}}
,"/Users/hanzvaldez/Documents/RRC/WEBD-3012 Business Systems Build and Testing/Coding Assignment 13/src/components/HeroImage/index.ts": {"path":"/Users/hanzvaldez/Documents/RRC/WEBD-3012 Business Systems Build and Testing/Coding Assignment 13/src/components/HeroImage/index.ts","statementMap":{},"fnMap":{},"branchMap":{},"s":{},"f":{},"b":{},"_coverageSchema":"1a1c01bbd47fc00a2c39e90264f33305004495a9","hash":"b9b029254b5bdc1e0a6eeba90e6bda87a865ea78"}
,"/Users/hanzvaldez/Documents/RRC/WEBD-3012 Business Systems Build and Testing/Coding Assignment 13/src/components/Img/Img.stories.tsx": {"path":"/Users/hanzvaldez/Documents/RRC/WEBD-3012 Business Systems Build and Testing/Coding Assignment 13/src/components/Img/Img.stories.tsx","statementMap":{"0":{"start":{"line":4,"column":31},"end":{"line":19,"column":1}},"1":{"start":{"line":26,"column":2},"end":{"line":26,"column":71}},"2":{"start":{"line":28,"column":2},"end":{"line":28,"column":68}},"3":{"start":{"line":30,"column":2},"end":{"line":30,"column":67}},"4":{"start":{"line":32,"column":30},"end":{"line":37,"column":1}},"5":{"start":{"line":39,"column":37},"end":{"line":46,"column":1}},"6":{"start":{"line":48,"column":32},"end":{"line":54,"column":1}},"7":{"start":{"line":56,"column":31},"end":{"line":62,"column":1}},"8":{"start":{"line":64,"column":31},"end":{"line":70,"column":1}},"9":{"start":{"line":72,"column":39},"end":{"line":78,"column":1}},"10":{"start":{"line":80,"column":33},"end":{"line":87,"column":1}},"11":{"start":{"line":89,"column":38},"end":{"line":101,"column":1}},"12":{"start":{"line":96,"column":6},"end":{"line":98,"column":12}}},"fnMap":{"0":{"name":"(anonymous_0)","decl":{"start":{"line":95,"column":4},"end":{"line":95,"column":5}},"loc":{"start":{"line":96,"column":6},"end":{"line":98,"column":12}},"line":96}},"branchMap":{},"s":{"0":0,"1":0,"2":0,"3":0,"4":0,"5":0,"6":0,"7":0,"8":0,"9":0,"10":0,"11":0,"12":0},"f":{"0":0},"b":{}}
,"/Users/hanzvaldez/Documents/RRC/WEBD-3012 Business Systems Build and Testing/Coding Assignment 13/src/components/Img/Img.tests.tsx": {"path":"/Users/hanzvaldez/Documents/RRC/WEBD-3012 Business Systems Build and Testing/Coding Assignment 13/src/components/Img/Img.tests.tsx","statementMap":{"0":{"start":{"line":6,"column":0},"end":{"line":88,"column":3}},"1":{"start":{"line":7,"column":25},"end":{"line":7,"column":62}},"2":{"start":{"line":9,"column":2},"end":{"line":17,"column":5}},"3":{"start":{"line":10,"column":4},"end":{"line":10,"column":58}},"4":{"start":{"line":11,"column":23},"end":{"line":11,"column":46}},"5":{"start":{"line":13,"column":4},"end":{"line":13,"column":43}},"6":{"start":{"line":14,"column":4},"end":{"line":14,"column":37}},"7":{"start":{"line":15,"column":4},"end":{"line":15,"column":62}},"8":{"start":{"line":16,"column":4},"end":{"line":16,"column":60}},"9":{"start":{"line":19,"column":2},"end":{"line":25,"column":5}},"10":{"start":{"line":20,"column":4},"end":{"line":20,"column":71}},"11":{"start":{"line":21,"column":23},"end":{"line":21,"column":46}},"12":{"start":{"line":23,"column":4},"end":{"line":23,"column":58}},"13":{"start":{"line":24,"column":4},"end":{"line":24,"column":51}},"14":{"start":{"line":27,"column":2},"end":{"line":38,"column":5}},"15":{"start":{"line":28,"column":4},"end":{"line":34,"column":6}},"16":{"start":{"line":35,"column":23},"end":{"line":35,"column":46}},"17":{"start":{"line":37,"column":4},"end":{"line":37,"column":64}},"18":{"start":{"line":40,"column":2},"end":{"line":48,"column":5}},"19":{"start":{"line":41,"column":4},"end":{"line":43,"column":6}},"20":{"start":{"line":44,"column":23},"end":{"line":44,"column":46}},"21":{"start":{"line":46,"column":4},"end":{"line":46,"column":51}},"22":{"start":{"line":47,"column":4},"end":{"line":47,"column":52}},"23":{"start":{"line":50,"column":2},"end":{"line":55,"column":5}},"24":{"start":{"line":51,"column":4},"end":{"line":51,"column":78}},"25":{"start":{"line":52,"column":23},"end":{"line":52,"column":46}},"26":{"start":{"line":54,"column":4},"end":{"line":54,"column":49}},"27":{"start":{"line":57,"column":2},"end":{"line":66,"column":5}},"28":{"start":{"line":58,"column":4},"end":{"line":58,"column":61}},"29":{"start":{"line":59,"column":23},"end":{"line":59,"column":46}},"30":{"start":{"line":61,"column":4},"end":{"line":61,"column":68}},"31":{"start":{"line":62,"column":4},"end":{"line":62,"column":54}},"32":{"start":{"line":63,"column":4},"end":{"line":63,"column":49}},"33":{"start":{"line":64,"column":4},"end":{"line":64,"column":54}},"34":{"start":{"line":65,"column":4},"end":{"line":65,"column":51}},"35":{"start":{"line":68,"column":2},"end":{"line":74,"column":5}},"36":{"start":{"line":69,"column":4},"end":{"line":69,"column":49}},"37":{"start":{"line":70,"column":23},"end":{"line":70,"column":46}},"38":{"start":{"line":72,"column":4},"end":{"line":72,"column":50}},"39":{"start":{"line":73,"column":4},"end":{"line":73,"column":65}},"40":{"start":{"line":76,"column":2},"end":{"line":87,"column":5}},"41":{"start":{"line":77,"column":4},"end":{"line":83,"column":6}},"42":{"start":{"line":84,"column":23},"end":{"line":84,"column":46}},"43":{"start":{"line":86,"column":4},"end":{"line":86,"column":51}}},"fnMap":{"0":{"name":"(anonymous_0)","decl":{"start":{"line":6,"column":26},"end":{"line":6,"column":27}},"loc":{"start":{"line":6,"column":32},"end":{"line":88,"column":1}},"line":6},"1":{"name":"(anonymous_1)","decl":{"start":{"line":9,"column":41},"end":{"line":9,"column":42}},"loc":{"start":{"line":9,"column":47},"end":{"line":17,"column":3}},"line":9},"2":{"name":"(anonymous_2)","decl":{"start":{"line":19,"column":48},"end":{"line":19,"column":49}},"loc":{"start":{"line":19,"column":54},"end":{"line":25,"column":3}},"line":19},"3":{"name":"(anonymous_3)","decl":{"start":{"line":27,"column":42},"end":{"line":27,"column":43}},"loc":{"start":{"line":27,"column":48},"end":{"line":38,"column":3}},"line":27},"4":{"name":"(anonymous_4)","decl":{"start":{"line":40,"column":45},"end":{"line":40,"column":46}},"loc":{"start":{"line":40,"column":51},"end":{"line":48,"column":3}},"line":40},"5":{"name":"(anonymous_5)","decl":{"start":{"line":50,"column":44},"end":{"line":50,"column":45}},"loc":{"start":{"line":50,"column":50},"end":{"line":55,"column":3}},"line":50},"6":{"name":"(anonymous_6)","decl":{"start":{"line":57,"column":37},"end":{"line":57,"column":38}},"loc":{"start":{"line":57,"column":43},"end":{"line":66,"column":3}},"line":57},"7":{"name":"(anonymous_7)","decl":{"start":{"line":68,"column":41},"end":{"line":68,"column":42}},"loc":{"start":{"line":68,"column":47},"end":{"line":74,"column":3}},"line":68},"8":{"name":"(anonymous_8)","decl":{"start":{"line":76,"column":35},"end":{"line":76,"column":36}},"loc":{"start":{"line":76,"column":41},"end":{"line":87,"column":3}},"line":76}},"branchMap":{},"s":{"0":0,"1":0,"2":0,"3":0,"4":0,"5":0,"6":0,"7":0,"8":0,"9":0,"10":0,"11":0,"12":0,"13":0,"14":0,"15":0,"16":0,"17":0,"18":0,"19":0,"20":0,"21":0,"22":0,"23":0,"24":0,"25":0,"26":0,"27":0,"28":0,"29":0,"30":0,"31":0,"32":0,"33":0,"34":0,"35":0,"36":0,"37":0,"38":0,"39":0,"40":0,"41":0,"42":0,"43":0},"f":{"0":0,"1":0,"2":0,"3":0,"4":0,"5":0,"6":0,"7":0,"8":0},"b":{}}
,"/Users/hanzvaldez/Documents/RRC/WEBD-3012 Business Systems Build and Testing/Coding Assignment 13/src/components/Img/Img.tsx": {"path":"/Users/hanzvaldez/Documents/RRC/WEBD-3012 Business Systems Build and Testing/Coding Assignment 13/src/components/Img/Img.tsx","statementMap":{"0":{"start":{"line":5,"column":18},"end":{"line":32,"column":1}},"1":{"start":{"line":9,"column":25},"end":{"line":9,"column":49}},"2":{"start":{"line":10,"column":24},"end":{"line":10,"column":66}},"3":{"start":{"line":11,"column":33},"end":{"line":11,"column":71}},"4":{"start":{"line":15,"column":4},"end":{"line":16,"column":83}},"5":{"start":{"line":18,"column":4},"end":{"line":19,"column":87}},"6":{"start":{"line":34,"column":39},"end":{"line":56,"column":1}},"7":{"start":{"line":44,"column":2},"end":{"line":55,"column":4}}},"fnMap":{"0":{"name":"(anonymous_0)","decl":{"start":{"line":9,"column":13},"end":{"line":9,"column":14}},"loc":{"start":{"line":9,"column":25},"end":{"line":9,"column":49}},"line":9},"1":{"name":"(anonymous_1)","decl":{"start":{"line":10,"column":12},"end":{"line":10,"column":13}},"loc":{"start":{"line":10,"column":24},"end":{"line":10,"column":66}},"line":10},"2":{"name":"(anonymous_2)","decl":{"start":{"line":11,"column":22},"end":{"line":11,"column":23}},"loc":{"start":{"line":11,"column":33},"end":{"line":11,"column":71}},"line":11},"3":{"name":"(anonymous_3)","decl":{"start":{"line":14,"column":4},"end":{"line":14,"column":5}},"loc":{"start":{"line":15,"column":4},"end":{"line":16,"column":83}},"line":15},"4":{"name":"(anonymous_4)","decl":{"start":{"line":17,"column":4},"end":{"line":17,"column":5}},"loc":{"start":{"line":18,"column":4},"end":{"line":19,"column":87}},"line":18},"5":{"name":"(anonymous_5)","decl":{"start":{"line":34,"column":39},"end":{"line":34,"column":40}},"loc":{"start":{"line":43,"column":6},"end":{"line":56,"column":1}},"line":43}},"branchMap":{"0":{"loc":{"start":{"line":9,"column":25},"end":{"line":9,"column":49}},"type":"cond-expr","locations":[{"start":{"line":9,"column":42},"end":{"line":9,"column":45}},{"start":{"line":9,"column":48},"end":{"line":9,"column":49}}],"line":9},"1":{"loc":{"start":{"line":10,"column":24},"end":{"line":10,"column":66}},"type":"cond-expr","locations":[{"start":{"line":10,"column":41},"end":{"line":10,"column":54}},{"start":{"line":10,"column":57},"end":{"line":10,"column":66}}],"line":10},"2":{"loc":{"start":{"line":11,"column":33},"end":{"line":11,"column":71}},"type":"binary-expr","locations":[{"start":{"line":11,"column":33},"end":{"line":11,"column":54}},{"start":{"line":11,"column":58},"end":{"line":11,"column":71}}],"line":11},"3":{"loc":{"start":{"line":15,"column":4},"end":{"line":16,"column":83}},"type":"binary-expr","locations":[{"start":{"line":15,"column":4},"end":{"line":15,"column":15}},{"start":{"line":16,"column":4},"end":{"line":16,"column":83}}],"line":15},"4":{"loc":{"start":{"line":16,"column":14},"end":{"line":16,"column":80}},"type":"cond-expr","locations":[{"start":{"line":16,"column":48},"end":{"line":16,"column":66}},{"start":{"line":16,"column":69},"end":{"line":16,"column":80}}],"line":16},"5":{"loc":{"start":{"line":18,"column":4},"end":{"line":19,"column":87}},"type":"binary-expr","locations":[{"start":{"line":18,"column":4},"end":{"line":18,"column":16}},{"start":{"line":19,"column":4},"end":{"line":19,"column":87}}],"line":18},"6":{"loc":{"start":{"line":19,"column":15},"end":{"line":19,"column":84}},"type":"cond-expr","locations":[{"start":{"line":19,"column":50},"end":{"line":19,"column":69}},{"start":{"line":19,"column":72},"end":{"line":19,"column":84}}],"line":19},"7":{"loc":{"start":{"line":39,"column":2},"end":{"line":39,"column":18}},"type":"default-arg","locations":[{"start":{"line":39,"column":13},"end":{"line":39,"column":18}}],"line":39}},"s":{"0":1,"1":2,"2":2,"3":2,"4":2,"5":2,"6":1,"7":2},"f":{"0":2,"1":2,"2":2,"3":2,"4":2,"5":2},"b":{"0":[0,2],"1":[0,2],"2":[2,2],"3":[2,2],"4":[2,0],"5":[2,2],"6":[2,0],"7":[2]},"_coverageSchema":"1a1c01bbd47fc00a2c39e90264f33305004495a9","hash":"7761171cd99c778ddc51e6e0d4586f8b084aa3f2"}
,"/Users/hanzvaldez/Documents/RRC/WEBD-3012 Business Systems Build and Testing/Coding Assignment 13/src/components/Img/Img.types.tsx": {"path":"/Users/hanzvaldez/Documents/RRC/WEBD-3012 Business Systems Build and Testing/Coding Assignment 13/src/components/Img/Img.types.tsx","statementMap":{},"fnMap":{},"branchMap":{},"s":{},"f":{},"b":{}}
,"/Users/hanzvaldez/Documents/RRC/WEBD-3012 Business Systems Build and Testing/Coding Assignment 13/src/components/Img/index.ts": {"path":"/Users/hanzvaldez/Documents/RRC/WEBD-3012 Business Systems Build and Testing/Coding Assignment 13/src/components/Img/index.ts","statementMap":{},"fnMap":{},"branchMap":{},"s":{},"f":{},"b":{},"_coverageSchema":"1a1c01bbd47fc00a2c39e90264f33305004495a9","hash":"48e21ab195f720c60adcba0d4c5e51fd1a203a31"}
,"/Users/hanzvaldez/Documents/RRC/WEBD-3012 Business Systems Build and Testing/Coding Assignment 13/src/components/Label/Label.stories.tsx": {"path":"/Users/hanzvaldez/Documents/RRC/WEBD-3012 Business Systems Build and Testing/Coding Assignment 13/src/components/Label/Label.stories.tsx","statementMap":{"0":{"start":{"line":4,"column":33},"end":{"line":21,"column":1}},"1":{"start":{"line":26,"column":30},"end":{"line":30,"column":1}},"2":{"start":{"line":32,"column":28},"end":{"line":37,"column":1}},"3":{"start":{"line":39,"column":28},"end":{"line":44,"column":1}},"4":{"start":{"line":46,"column":31},"end":{"line":51,"column":1}},"5":{"start":{"line":53,"column":34},"end":{"line":58,"column":1}},"6":{"start":{"line":60,"column":39},"end":{"line":65,"column":1}}},"fnMap":{},"branchMap":{},"s":{"0":0,"1":0,"2":0,"3":0,"4":0,"5":0,"6":0},"f":{},"b":{}}
,"/Users/hanzvaldez/Documents/RRC/WEBD-3012 Business Systems Build and Testing/Coding Assignment 13/src/components/Label/Label.tests.tsx": {"path":"/Users/hanzvaldez/Documents/RRC/WEBD-3012 Business Systems Build and Testing/Coding Assignment 13/src/components/Label/Label.tests.tsx","statementMap":{"0":{"start":{"line":6,"column":0},"end":{"line":54,"column":3}},"1":{"start":{"line":7,"column":2},"end":{"line":12,"column":5}},"2":{"start":{"line":8,"column":4},"end":{"line":8,"column":40}},"3":{"start":{"line":9,"column":25},"end":{"line":9,"column":55}},"4":{"start":{"line":10,"column":4},"end":{"line":10,"column":45}},"5":{"start":{"line":11,"column":4},"end":{"line":11,"column":39}},"6":{"start":{"line":14,"column":2},"end":{"line":19,"column":5}},"7":{"start":{"line":15,"column":4},"end":{"line":15,"column":53}},"8":{"start":{"line":16,"column":25},"end":{"line":16,"column":59}},"9":{"start":{"line":17,"column":4},"end":{"line":17,"column":60}},"10":{"start":{"line":18,"column":4},"end":{"line":18,"column":55}},"11":{"start":{"line":21,"column":2},"end":{"line":25,"column":5}},"12":{"start":{"line":22,"column":4},"end":{"line":22,"column":68}},"13":{"start":{"line":23,"column":25},"end":{"line":23,"column":57}},"14":{"start":{"line":24,"column":4},"end":{"line":24,"column":66}},"15":{"start":{"line":27,"column":2},"end":{"line":39,"column":5}},"16":{"start":{"line":28,"column":25},"end":{"line":28,"column":74}},"17":{"start":{"line":29,"column":23},"end":{"line":29,"column":54}},"18":{"start":{"line":30,"column":4},"end":{"line":30,"column":56}},"19":{"start":{"line":32,"column":4},"end":{"line":32,"column":56}},"20":{"start":{"line":33,"column":4},"end":{"line":33,"column":51}},"21":{"start":{"line":34,"column":4},"end":{"line":34,"column":56}},"22":{"start":{"line":36,"column":4},"end":{"line":36,"column":58}},"23":{"start":{"line":37,"column":4},"end":{"line":37,"column":52}},"24":{"start":{"line":38,"column":4},"end":{"line":38,"column":56}},"25":{"start":{"line":41,"column":2},"end":{"line":45,"column":5}},"26":{"start":{"line":42,"column":4},"end":{"line":42,"column":63}},"27":{"start":{"line":43,"column":25},"end":{"line":43,"column":56}},"28":{"start":{"line":44,"column":4},"end":{"line":44,"column":63}},"29":{"start":{"line":47,"column":2},"end":{"line":53,"column":5}},"30":{"start":{"line":48,"column":4},"end":{"line":48,"column":43}},"31":{"start":{"line":49,"column":25},"end":{"line":49,"column":58}},"32":{"start":{"line":50,"column":4},"end":{"line":50,"column":55}},"33":{"start":{"line":51,"column":4},"end":{"line":51,"column":56}},"34":{"start":{"line":52,"column":4},"end":{"line":52,"column":70}}},"fnMap":{"0":{"name":"(anonymous_0)","decl":{"start":{"line":6,"column":28},"end":{"line":6,"column":29}},"loc":{"start":{"line":6,"column":34},"end":{"line":54,"column":1}},"line":6},"1":{"name":"(anonymous_1)","decl":{"start":{"line":7,"column":34},"end":{"line":7,"column":35}},"loc":{"start":{"line":7,"column":40},"end":{"line":12,"column":3}},"line":7},"2":{"name":"(anonymous_2)","decl":{"start":{"line":14,"column":48},"end":{"line":14,"column":49}},"loc":{"start":{"line":14,"column":54},"end":{"line":19,"column":3}},"line":14},"3":{"name":"(anonymous_3)","decl":{"start":{"line":21,"column":42},"end":{"line":21,"column":43}},"loc":{"start":{"line":21,"column":48},"end":{"line":25,"column":3}},"line":21},"4":{"name":"(anonymous_4)","decl":{"start":{"line":27,"column":38},"end":{"line":27,"column":39}},"loc":{"start":{"line":27,"column":44},"end":{"line":39,"column":3}},"line":27},"5":{"name":"(anonymous_5)","decl":{"start":{"line":41,"column":46},"end":{"line":41,"column":47}},"loc":{"start":{"line":41,"column":52},"end":{"line":45,"column":3}},"line":41},"6":{"name":"(anonymous_6)","decl":{"start":{"line":47,"column":37},"end":{"line":47,"column":38}},"loc":{"start":{"line":47,"column":43},"end":{"line":53,"column":3}},"line":47}},"branchMap":{},"s":{"0":0,"1":0,"2":0,"3":0,"4":0,"5":0,"6":0,"7":0,"8":0,"9":0,"10":0,"11":0,"12":0,"13":0,"14":0,"15":0,"16":0,"17":0,"18":0,"19":0,"20":0,"21":0,"22":0,"23":0,"24":0,"25":0,"26":0,"27":0,"28":0,"29":0,"30":0,"31":0,"32":0,"33":0,"34":0},"f":{"0":0,"1":0,"2":0,"3":0,"4":0,"5":0,"6":0},"b":{}}
,"/Users/hanzvaldez/Documents/RRC/WEBD-3012 Business Systems Build and Testing/Coding Assignment 13/src/components/Label/Label.tsx": {"path":"/Users/hanzvaldez/Documents/RRC/WEBD-3012 Business Systems Build and Testing/Coding Assignment 13/src/components/Label/Label.tsx","statementMap":{"0":{"start":{"line":5,"column":20},"end":{"line":38,"column":1}},"1":{"start":{"line":8,"column":23},"end":{"line":8,"column":61}},"2":{"start":{"line":9,"column":24},"end":{"line":9,"column":66}},"3":{"start":{"line":10,"column":33},"end":{"line":10,"column":71}},"4":{"start":{"line":12,"column":4},"end":{"line":19,"column":5}},"5":{"start":{"line":14,"column":8},"end":{"line":14,"column":22}},"6":{"start":{"line":16,"column":8},"end":{"line":16,"column":22}},"7":{"start":{"line":18,"column":8},"end":{"line":18,"column":22}},"8":{"start":{"line":28,"column":6},"end":{"line":35,"column":7}},"9":{"start":{"line":30,"column":10},"end":{"line":30,"column":24}},"10":{"start":{"line":32,"column":10},"end":{"line":32,"column":24}},"11":{"start":{"line":34,"column":10},"end":{"line":34,"column":24}},"12":{"start":{"line":40,"column":43},"end":{"line":62,"column":1}},"13":{"start":{"line":49,"column":2},"end":{"line":61,"column":4}}},"fnMap":{"0":{"name":"(anonymous_0)","decl":{"start":{"line":8,"column":11},"end":{"line":8,"column":12}},"loc":{"start":{"line":8,"column":23},"end":{"line":8,"column":61}},"line":8},"1":{"name":"(anonymous_1)","decl":{"start":{"line":9,"column":12},"end":{"line":9,"column":13}},"loc":{"start":{"line":9,"column":24},"end":{"line":9,"column":66}},"line":9},"2":{"name":"(anonymous_2)","decl":{"start":{"line":10,"column":22},"end":{"line":10,"column":23}},"loc":{"start":{"line":10,"column":33},"end":{"line":10,"column":71}},"line":10},"3":{"name":"(anonymous_3)","decl":{"start":{"line":11,"column":15},"end":{"line":11,"column":16}},"loc":{"start":{"line":11,"column":26},"end":{"line":20,"column":3}},"line":11},"4":{"name":"(anonymous_4)","decl":{"start":{"line":27,"column":17},"end":{"line":27,"column":18}},"loc":{"start":{"line":27,"column":28},"end":{"line":36,"column":5}},"line":27},"5":{"name":"(anonymous_5)","decl":{"start":{"line":40,"column":43},"end":{"line":40,"column":44}},"loc":{"start":{"line":48,"column":6},"end":{"line":62,"column":1}},"line":48}},"branchMap":{"0":{"loc":{"start":{"line":8,"column":23},"end":{"line":8,"column":61}},"ty
[...]
,"/Users/hanzvaldez/Documents/RRC/WEBD-3012 Business Systems Build and Testing/Coding Assignment 13/src/components/TableRow/index.ts": {"path":"/Users/hanzvaldez/Documents/RRC/WEBD-3012 Business Systems Build and Testing/Coding Assignment 13/src/components/TableRow/index.ts","statementMap":{},"fnMap":{},"branchMap":{},"s":{},"f":{},"b":{},"_coverageSchema":"1a1c01bbd47fc00a2c39e90264f33305004495a9","hash":"21ccfc0047057a1ba6b24cb1d90cc04d39d8ab29"}
,"/Users/hanzvaldez/Documents/RRC/WEBD-3012 Business Systems Build and Testing/Coding Assignment 13/src/components/Text/Text.stories.tsx": {"path":"/Users/hanzvaldez/Documents/RRC/WEBD-3012 Business Systems Build and Testing/Coding Assignment 13/src/components/Text/Text.stories.tsx","statementMap":{"0":{"start":{"line":4,"column":32},"end":{"line":25,"column":1}},"1":{"start":{"line":30,"column":30},"end":{"line":34,"column":1}},"2":{"start":{"line":36,"column":28},"end":{"line":41,"column":1}},"3":{"start":{"line":43,"column":28},"end":{"line":48,"column":1}},"4":{"start":{"line":50,"column":27},"end":{"line":55,"column":1}},"5":{"start":{"line":57,"column":28},"end":{"line":62,"column":1}},"6":{"start":{"line":64,"column":31},"end":{"line":69,"column":1}},"7":{"start":{"line":71,"column":34},"end":{"line":76,"column":1}},"8":{"start":{"line":78,"column":39},"end":{"line":83,"column":1}},"9":{"start":{"line":85,"column":31},"end":{"line":90,"column":1}}},"fnMap":{},"branchMap":{},"s":{"0":0,"1":0,"2":0,"3":0,"4":0,"5":0,"6":0,"7":0,"8":0,"9":0},"f":{},"b":{}}
,"/Users/hanzvaldez/Documents/RRC/WEBD-3012 Business Systems Build and Testing/Coding Assignment 13/src/components/Text/Text.tests.tsx": {"path":"/Users/hanzvaldez/Documents/RRC/WEBD-3012 Business Systems Build and Testing/Coding Assignment 13/src/components/Text/Text.tests.tsx","statementMap":{"0":{"start":{"line":6,"column":0},"end":{"line":70,"column":3}},"1":{"start":{"line":7,"column":2},"end":{"line":12,"column":5}},"2":{"start":{"line":8,"column":4},"end":{"line":8,"column":49}},"3":{"start":{"line":9,"column":24},"end":{"line":9,"column":61}},"4":{"start":{"line":10,"column":4},"end":{"line":10,"column":44}},"5":{"start":{"line":11,"column":4},"end":{"line":11,"column":38}},"6":{"start":{"line":14,"column":2},"end":{"line":19,"column":5}},"7":{"start":{"line":15,"column":4},"end":{"line":15,"column":54}},"8":{"start":{"line":16,"column":24},"end":{"line":16,"column":57}},"9":{"start":{"line":17,"column":4},"end":{"line":17,"column":59}},"10":{"start":{"line":18,"column":4},"end":{"line":18,"column":54}},"11":{"start":{"line":21,"column":2},"end":{"line":25,"column":5}},"12":{"start":{"line":22,"column":4},"end":{"line":22,"column":65}},"13":{"start":{"line":23,"column":24},"end":{"line":23,"column":61}},"14":{"start":{"line":24,"column":4},"end":{"line":24,"column":54}},"15":{"start":{"line":27,"column":2},"end":{"line":31,"column":5}},"16":{"start":{"line":28,"column":4},"end":{"line":28,"column":80}},"17":{"start":{"line":29,"column":24},"end":{"line":29,"column":66}},"18":{"start":{"line":30,"column":4},"end":{"line":30,"column":65}},"19":{"start":{"line":33,"column":2},"end":{"line":45,"column":5}},"20":{"start":{"line":34,"column":25},"end":{"line":34,"column":75}},"21":{"start":{"line":35,"column":22},"end":{"line":35,"column":52}},"22":{"start":{"line":36,"column":4},"end":{"line":36,"column":55}},"23":{"start":{"line":38,"column":4},"end":{"line":38,"column":57}},"24":{"start":{"line":39,"column":4},"end":{"line":39,"column":49}},"25":{"start":{"line":40,"column":4},"end":{"line":40,"column":55}},"26":{"start":{"line":42,"column":4},"end":{"line":42,"column":59}},"27":{"start":{"line":43,"column":4},"end":{"line":43,"column":50}},"28":{"start":{"line":44,"column":4},"end":{"line":44,"column":55}},"29":{"start":{"line":47,"column":2},"end":{"line":59,"column":5}},"30":{"start":{"line":48,"column":25},"end":{"line":48,"column":77}},"31":{"start":{"line":49,"column":22},"end":{"line":49,"column":52}},"32":{"start":{"line":50,"column":4},"end":{"line":50,"column":56}},"33":{"start":{"line":52,"column":4},"end":{"line":52,"column":57}},"34":{"start":{"line":53,"column":4},"end":{"line":53,"column":48}},"35":{"start":{"line":54,"column":4},"end":{"line":54,"column":56}},"36":{"start":{"line":56,"column":4},"end":{"line":56,"column":61}},"37":{"start":{"line":57,"column":4},"end":{"line":57,"column":50}},"38":{"start":{"line":58,"column":4},"end":{"line":58,"column":56}},"39":{"start":{"line":61,"column":2},"end":{"line":69,"column":5}},"40":{"start":{"line":62,"column":4},"end":{"line":62,"column":44}},"41":{"start":{"line":63,"column":24},"end":{"line":63,"column":56}},"42":{"start":{"line":64,"column":4},"end":{"line":64,"column":54}},"43":{"start":{"line":65,"column":4},"end":{"line":65,"column":55}},"44":{"start":{"line":66,"column":4},"end":{"line":66,"column":69}},"45":{"start":{"line":67,"column":4},"end":{"line":67,"column":55}},"46":{"start":{"line":68,"column":4},"end":{"line":68,"column":56}}},"fnMap":{"0":{"name":"(anonymous_0)","decl":{"start":{"line":6,"column":27},"end":{"line":6,"column":28}},"loc":{"start":{"line":6,"column":33},"end":{"line":70,"column":1}},"line":6},"1":{"name":"(anonymous_1)","decl":{"start":{"line":7,"column":36},"end":{"line":7,"column":37}},"loc":{"start":{"line":7,"column":42},"end":{"line":12,"column":3}},"line":7},"2":{"name":"(anonymous_2)","decl":{"start":{"line":14,"column":48},"end":{"line":14,"column":49}},"loc":{"start":{"line":14,"column":54},"end":{"line":19,"column":3}},"line":14},"3":{"name":"(anonymous_3)","decl":{"start":{"line":21,"column":31},"end":{"line":21,"column":32}},"loc":{"start":{"line":21,"column":37},"end":{"line":25,"column":3}},"line":21},"4":{"name":"(anonymous_4)","decl":{"start":{"line":27,"column":42},"end":{"line":27,"column":43}},"loc":{"start":{"line":27,"column":48},"end":{"line":31,"column":3}},"line":27},"5":{"name":"(anonymous_5)","decl":{"start":{"line":33,"column":38},"end":{"line":33,"column":39}},"loc":{"start":{"line":33,"column":44},"end":{"line":45,"column":3}},"line":33},"6":{"name":"(anonymous_6)","decl":{"start":{"line":47,"column":40},"end":{"line":47,"column":41}},"loc":{"start":{"line":47,"column":46},"end":{"line":59,"column":3}},"line":47},"7":{"name":"(anonymous_7)","decl":{"start":{"line":61,"column":37},"end":{"line":61,"column":38}},"loc":{"start":{"line":61,"column":43},"end":{"line":69,"column":3}},"line":61}},"branchMap":{},"s":{"0":0,"1":0,"2":0,"3":0,"4":0,"5":0,"6":0,"7":0,"8":0,"9":0,"10":0,"11":0,"12":0,"13":0,"14":0,"15":0,"16":0,"17":0,"18":0,"19":0,"20":0,"21":0,"22":0,"23":0,"24":0,"25":0,"26":0,"27":0,"28":0,"29":0,"30":0,"31":0,"32":0,"33":0,"34":0,"35":0,"36":0,"37":0,"38":0,"39":0,"40":0,"41":0,"42":0,"43":0,"44":0,"45":0,"46":0},"f":{"0":0,"1":0,"2":0,"3":0,"4":0,"5":0,"6":0,"7":0},"b":{}}
,"/Users/hanzvaldez/Documents/RRC/WEBD-3012 Business Systems Build and Testing/Coding Assignment 13/src/components/Text/Text.tsx": {"path":"/Users/hanzvaldez/Documents/RRC/WEBD-3012 Business Systems Build and Testing/Coding Assignment 13/src/components/Text/Text.tsx","statementMap":{"0":{"start":{"line":5,"column":19},"end":{"line":51,"column":1}},"1":{"start":{"line":10,"column":4},"end":{"line":10,"column":41}},"2":{"start":{"line":10,"column":24},"end":{"line":10,"column":41}},"3":{"start":{"line":11,"column":4},"end":{"line":11,"column":40}},"4":{"start":{"line":11,"column":21},"end":{"line":11,"column":40}},"5":{"start":{"line":12,"column":4},"end":{"line":12,"column":21}},"6":{"start":{"line":14,"column":33},"end":{"line":14,"column":71}},"7":{"start":{"line":16,"column":4},"end":{"line":23,"column":5}},"8":{"start":{"line":18,"column":8},"end":{"line":18,"column":22}},"9":{"start":{"line":20,"column":8},"end":{"line":20,"column":22}},"10":{"start":{"line":22,"column":8},"end":{"line":22,"column":22}},"11":{"start":{"line":26,"column":4},"end":{"line":33,"column":5}},"12":{"start":{"line":28,"column":8},"end":{"line":28,"column":21}},"13":{"start":{"line":30,"column":8},"end":{"line":30,"column":21}},"14":{"start":{"line":32,"column":8},"end":{"line":32,"column":21}},"15":{"start":{"line":36,"column":24},"end":{"line":36,"column":66}},"16":{"start":{"line":41,"column":6},"end":{"line":48,"column":7}},"17":{"start":{"line":43,"column":10},"end":{"line":43,"column":24}},"18":{"start":{"line":45,"column":10},"end":{"line":45,"column":24}},"19":{"start":{"line":47,"column":10},"end":{"line":47,"column":24}},"20":{"start":{"line":53,"column":41},"end":{"line":77,"column":1}},"21":{"start":{"line":63,"column":2},"end":{"line":76,"column":4}}},"fnMap":{"0":{"name":"(anonymous_0)","decl":{"start":{"line":9,"column":11},"end":{"line":9,"column":12}},"loc":{"start":{"line":9,"column":22},"end":{"line":13,"column":3}},"line":9},"1":{"name":"(anonymous_1)","decl":{"start":{"line":14,"column":22},"end":{"line":14,"column":23}},"loc":{"start":{"line":14,"column":33},"end":{"line":14,"column":71}},"line":14},"2":{"name":"(anonymous_2)","decl":{"start":{"line":15,"column":15},"end":{"line":15,"column":16}},"loc":{"start":{"line":15,"column":26},"end":{"line":24,"column":3}},"line":15},"3":{"name":"(anonymous_3)","decl":{"start":{"line":25,"column":17},"end":{"line":25,"column":18}},"loc":{"start":{"line":25,"column":28},"end":{"line":34,"column":3}},"line":25},"4":{"name":"(anonymous_4)","decl":{"start":{"line":36,"column":12},"end":{"line":36,"column":13}},"loc":{"start":{"line":36,"column":24},"end":{"line":36,"column":66}},"line":36},"5":{"name":"(anonymous_5)","decl":{"start":{"line":40,"column":17},"end":{"line":40,"column":18}},"loc":{"start":{"line":40,"column":28},"end":{"line":49,"column":5}},"line":40},"6":{"name":"(anonymous_6)","decl":{"start":{"line":53,"column":41},"end":{"line":53,"column":42}},"loc":{"start":{"line":62,"column":6},"end":{"line":77,"column":1}},"line":62}},"branchMap":{"0":{"loc":{"start":{"line":10,"column":4},"end":{"line":10,"column":41}},"type":"if","locations":[{"start":{"line":10,"column":4},"end":{"line":10,"column":41}},{"start":{},"end":{}}],"line":10},"1":{"loc":{"start":{"line":11,"column":4},"end":{"line":11,"column":40}},"type":"if","locations":[{"start":{"line":11,"column":4},"end":{"line":11,"column":40}},{"start":{},"end":{}}],"line":11},"2":{"loc":{"start":{"line":14,"column":33},"end":{"line":14,"column":71}},"type":"binary-expr","locations":[{"start":{"line":14,"column":33},"end":{"line":14,"column":54}},{"start":{"line":14,"column":58},"end":{"line":14,"column":71}}],"line":14},"3":{"loc":{"start":{"line":16,"column":4},"end":{"line":23,"column":5}},"type":"switch","locations":[{"start":{"line":17,"column":6},"end":{"line":18,"column":22}},{"start":{"line":19,"column":6},"end":{"line":20,"column":22}},{"start":{"line":21,"column":6},"end":{"line":22,"column":22}}],"line":16},"4":{"loc":{"start":{"line":26,"column":4},"end":{"line":33,"column":5}},"type":"switch","locations":[{"start":{"line":27,"column":6},"end":{"line":28,"column":21}},{"start":{"line":29,"column":6},"end":{"line":30,"column":21}},{"start":{"line":31,"column":6},"end":{"line":32,"column":21}}],"line":26},"5":{"loc":{"start":{"line":36,"column":24},"end":{"line":36,"column":66}},"type":"cond-expr","locations":[{"start":{"line":36,"column":41},"end":{"line":36,"column":54}},{"start":{"line":36,"column":57},"end":{"line":36,"column":66}}],"line":36},"6":{"loc":{"start":{"line":41,"column":6},"end":{"line":48,"column":7}},"type":"switch","locations":[{"start":{"line":42,"column":8},"end":{"line":43,"column":24}},{"start":{"line":44,"column":8},"end":{"line":45,"column":24}},{"start":{"line":46,"column":8},"end":{"line":47,"column":24}}],"line":41},"7":{"loc":{"start":{"line":55,"column":2},"end":{"line":55,"column":17}},"type":"default-arg","locations":[{"start":{"line":55,"column":9},"end":{"line":55,"column":17}}],"line":55},"8":{"loc":{"start":{"line":56,"column":2},"end":{"line":56,"column":19}},"type":"default-arg","locations":[{"start":{"line":56,"column":11},"end":{"line":56,"column":19}}],"line":56},"9":{"loc":{"start":{"line":58,"column":2},"end":{"line":58,"column":18}},"type":"default-arg","locations":[{"start":{"line":58,"column":13},"end":{"line":58,"column":18}}],"line":58}},"s":{"0":1,"1":6,"2":0,"3":6,"4":3,"5":3,"6":6,"7":6,"8":0,"9":2,"10":4,"11":6,"12":0,"13":2,"14":4,"15":6,"16":6,"17":0,"18":2,"19":4,"20":1,"21":6},"f":{"0":6,"1":6,"2":6,"3":6,"4":6,"5":6,"6":6},"b":{"0":[0,6],"1":[3,3],"2":[6,6],"3":[0,2,4],"4":[0,2,4],"5":[0,6],"6":[0,2,4],"7":[4],"8":[4],"9":[6]},"_coverageSchema":"1a1c01bbd47fc00a2c39e90264f33305004495a9","hash":"b6f06bd592f3f3f01b618a4d632ca67ccad9c8e3"}
,"/Users/hanzvaldez/Documents/RRC/WEBD-3012 Business Systems Build and Testing/Coding Assignment 13/src/components/Text/Text.types.tsx": {"path":"/Users/hanzvaldez/Documents/RRC/WEBD-3012 Business Systems Build and Testing/Coding Assignment 13/src/components/Text/Text.types.tsx","statementMap":{},"fnMap":{},"branchMap":{},"s":{},"f":{},"b":{}}
,"/Users/hanzvaldez/Documents/RRC/WEBD-3012 Business Systems Build and Testing/Coding Assignment 13/src/components/Text/index.ts": {"path":"/Users/hanzvaldez/Documents/RRC/WEBD-3012 Business Systems Build and Testing/Coding Assignment 13/src/components/Text/index.ts","statementMap":{},"fnMap":{},"branchMap":{},"s":{},"f":{},"b":{},"_coverageSchema":"1a1c01bbd47fc00a2c39e90264f33305004495a9","hash":"305d2fce2ef0aa0cc705f7e0c09fb137789dc8a4"}
,"/Users/hanzvaldez/Documents/RRC/WEBD-3012 Business Systems Build and Testing/Coding Assignment 13/src/stories/Button.stories.ts": {"path":"/Users/hanzvaldez/Documents/RRC/WEBD-3012 Business Systems Build and Testing/Coding Assignment 13/src/stories/Button.stories.ts","statementMap":{"0":{"start":{"line":8,"column":13},"end":{"line":23,"column":31}},"1":{"start":{"line":29,"column":30},"end":{"line":34,"column":1}},"2":{"start":{"line":36,"column":32},"end":{"line":40,"column":1}},"3":{"start":{"line":42,"column":28},"end":{"line":47,"column":1}},"4":{"start":{"line":49,"column":28},"end":{"line":54,"column":1}}},"fnMap":{},"branchMap":{},"s":{"0":0,"1":0,"2":0,"3":0,"4":0},"f":{},"b":{}}
,"/Users/hanzvaldez/Documents/RRC/WEBD-3012 Business Systems Build and Testing/Coding Assignment 13/src/stories/Button.tsx": {"path":"/Users/hanzvaldez/Documents/RRC/WEBD-3012 Business Systems Build and Testing/Coding Assignment 13/src/stories/Button.tsx","statementMap":{"0":{"start":{"line":17,"column":22},"end":{"line":39,"column":1}},"1":{"start":{"line":24,"column":15},"end":{"line":26,"column":35}},"2":{"start":{"line":27,"column":2},"end":{"line":38,"column":4}}},"fnMap":{"0":{"name":"(anonymous_0)","decl":{"start":{"line":17,"column":22},"end":{"line":17,"column":23}},"loc":{"start":{"line":23,"column":19},"end":{"line":39,"column":1}},"line":23}},"branchMap":{"0":{"loc":{"start":{"line":18,"column":2},"end":{"line":18,"column":17}},"type":"default-arg","locations":[{"start":{"line":18,"column":12},"end":{"line":18,"column":17}}],"line":18},"1":{"loc":{"start":{"line":19,"column":2},"end":{"line":19,"column":17}},"type":"default-arg","locations":[{"start":{"line":19,"column":9},"end":{"line":19,"column":17}}],"line":19},"2":{"loc":{"start":{"line":24,"column":15},"end":{"line":26,"column":35}},"type":"cond-expr","locations":[{"start":{"line":25,"column":6},"end":{"line":25,"column":33}},{"start":{"line":26,"column":6},"end":{"line":26,"column":35}}],"line":24}},"s":{"0":0,"1":0,"2":0},"f":{"0":0},"b":{"0":[0],"1":[0],"2":[0,0]}}
,"/Users/hanzvaldez/Documents/RRC/WEBD-3012 Business Systems Build and Testing/Coding Assignment 13/src/stories/Header.stories.ts": {"path":"/Users/hanzvaldez/Documents/RRC/WEBD-3012 Business Systems Build and Testing/Coding Assignment 13/src/stories/Header.stories.ts","statementMap":{"0":{"start":{"line":7,"column":13},"end":{"line":21,"column":31}},"1":{"start":{"line":26,"column":31},"end":{"line":32,"column":1}},"2":{"start":{"line":34,"column":32},"end":{"line":34,"column":34}}},"fnMap":{},"branchMap":{},"s":{"0":0,"1":0,"2":0},"f":{},"b":{}}
,"/Users/hanzvaldez/Documents/RRC/WEBD-3012 Business Systems Build and Testing/Coding Assignment 13/src/stories/Header.tsx": {"path":"/Users/hanzvaldez/Documents/RRC/WEBD-3012 Business Systems Build and Testing/Coding Assignment 13/src/stories/Header.tsx","statementMap":{"0":{"start":{"line":15,"column":22},"end":{"line":69,"column":1}},"1":{"start":{"line":21,"column":2},"end":{"line":68,"column":11}}},"fnMap":{"0":{"name":"(anonymous_0)","decl":{"start":{"line":15,"column":22},"end":{"line":15,"column":23}},"loc":{"start":{"line":21,"column":2},"end":{"line":68,"column":11}},"line":21}},"branchMap":{"0":{"loc":{"start":{"line":48,"column":9},"end":{"line":65,"column":9}},"type":"cond-expr","locations":[{"start":{"line":49,"column":10},"end":{"line":54,"column":13}},{"start":{"line":56,"column":10},"end":{"line":64,"column":13}}],"line":48}},"s":{"0":0,"1":0},"f":{"0":0},"b":{"0":[0,0]}}
,"/Users/hanzvaldez/Documents/RRC/WEBD-3012 Business Systems Build and Testing/Coding Assignment 13/src/stories/Page.stories.ts": {"path":"/Users/hanzvaldez/Documents/RRC/WEBD-3012 Business Systems Build and Testing/Coding Assignment 13/src/stories/Page.stories.ts","statementMap":{"0":{"start":{"line":7,"column":13},"end":{"line":14,"column":29}},"1":{"start":{"line":19,"column":32},"end":{"line":19,"column":34}},"2":{"start":{"line":22,"column":31},"end":{"line":33,"column":1}},"3":{"start":{"line":24,"column":19},"end":{"line":24,"column":40}},"4":{"start":{"line":25,"column":24},"end":{"line":25,"column":71}},"5":{"start":{"line":26,"column":4},"end":{"line":26,"column":50}},"6":{"start":{"line":27,"column":4},"end":{"line":27,"column":39}},"7":{"start":{"line":28,"column":4},"end":{"line":28,"column":54}},"8":{"start":{"line":30,"column":25},"end":{"line":30,"column":73}},"9":{"start":{"line":31,"column":4},"end":{"line":31,"column":51}}},"fnMap":{"0":{"name":"(anonymous_0)","decl":{"start":{"line":23,"column":8},"end":{"line":23,"column":9}},"loc":{"start":{"line":23,"column":37},"end":{"line":32,"column":3}},"line":23}},"branchMap":{},"s":{"0":0,"1":0,"2":0,"3":0,"4":0,"5":0,"6":0,"7":0,"8":0,"9":0},"f":{"0":0},"b":{}}
,"/Users/hanzvaldez/Documents/RRC/WEBD-3012 Business Systems Build and Testing/Coding Assignment 13/src/stories/Page.tsx": {"path":"/Users/hanzvaldez/Documents/RRC/WEBD-3012 Business Systems Build and Testing/Coding Assignment 13/src/stories/Page.tsx","statementMap":{"0":{"start":{"line":10,"column":30},"end":{"line":91,"column":1}},"1":{"start":{"line":11,"column":26},"end":{"line":11,"column":48}},"2":{"start":{"line":13,"column":2},"end":{"line":90,"column":4}},"3":{"start":{"line":17,"column":23},"end":{"line":17,"column":52}},"4":{"start":{"line":18,"column":24},"end":{"line":18,"column":42}},"5":{"start":{"line":19,"column":31},"end":{"line":19,"column":60}}},"fnMap":{"0":{"name":"(anonymous_0)","decl":{"start":{"line":10,"column":30},"end":{"line":10,"column":31}},"loc":{"start":{"line":10,"column":36},"end":{"line":91,"column":1}},"line":10},"1":{"name":"(anonymous_1)","decl":{"start":{"line":17,"column":17},"end":{"line":17,"column":18}},"loc":{"start":{"line":17,"column":23},"end":{"line":17,"column":52}},"line":17},"2":{"name":"(anonymous_2)","decl":{"start":{"line":18,"column":18},"end":{"line":18,"column":19}},"loc":{"start":{"line":18,"column":24},"end":{"line":18,"column":42}},"line":18},"3":{"name":"(anonymous_3)","decl":{"start":{"line":19,"column":25},"end":{"line":19,"column":26}},"loc":{"start":{"line":19,"column":31},"end":{"line":19,"column":60}},"line":19}},"branchMap":{},"s":{"0":0,"1":0,"2":0,"3":0,"4":0,"5":0},"f":{"0":0,"1":0,"2":0,"3":0},"b":{}}
}
