TN:
SF:src/App.tsx
FN:73,App
FNF:1
FNH:1
FNDA:1,App
DA:19,1
DA:25,1
DA:35,1
DA:42,1
DA:49,1
DA:61,1
DA:68,1
DA:74,1
DA:75,1
DA:77,1
DA:83,1
LF:11
LH:11
BRF:0
BRH:0
end_of_record
TN:
SF:src/index.tsx
FNF:0
FNH:0
DA:7,0
DA:10,0
DA:19,0
LF:3
LH:0
BRF:0
BRH:0
end_of_record
TN:
SF:src/reportWebVitals.ts
FN:3,(anonymous_0)
FN:5,(anonymous_1)
FNF:2
FNH:0
FNDA:0,(anonymous_0)
FNDA:0,(anonymous_1)
DA:3,0
DA:4,0
DA:5,0
DA:6,0
DA:7,0
DA:8,0
DA:9,0
DA:10,0
LF:8
LH:0
BRDA:4,0,0,0
BRDA:4,0,1,0
BRDA:4,1,0,0
BRDA:4,1,1,0
BRF:4
BRH:0
end_of_record
TN:
SF:src/components/index.ts
FNF:0
FNH:0
LF:0
LH:0
BRF:0
BRH:0
end_of_record
TN:
SF:src/components/types.ts
FNF:0
FNH:0
LF:0
LH:0
BRF:0
BRH:0
end_of_record
TN:
SF:src/components/Button/Button.stories.tsx
FNF:0
FNH:0
DA:4,0
DA:28,0
DA:35,0
DA:42,0
DA:49,0
DA:56,0
DA:63,0
DA:70,0
LF:8
LH:0
BRF:0
BRH:0
end_of_record
TN:
SF:src/components/Button/Button.tests.tsx
FN:6,(anonymous_0)
FN:7,(anonymous_1)
FN:14,(anonymous_2)
FN:25,(anonymous_3)
FN:33,(anonymous_4)
FN:45,(anonymous_5)
FNF:6
FNH:0
FNDA:0,(anonymous_0)
FNDA:0,(anonymous_1)
FNDA:0,(anonymous_2)
FNDA:0,(anonymous_3)
FNDA:0,(anonymous_4)
FNDA:0,(anonymous_5)
DA:6,0
DA:7,0
DA:8,0
DA:9,0
DA:10,0
DA:11,0
DA:14,0
DA:15,0
DA:16,0
DA:19,0
DA:20,0
DA:21,0
DA:22,0
DA:25,0
DA:26,0
DA:27,0
DA:30,0
DA:33,0
DA:34,0
DA:35,0
DA:36,0
DA:37,0
DA:39,0
DA:40,0
DA:41,0
DA:42,0
DA:45,0
DA:46,0
DA:49,0
DA:50,0
DA:51,0
DA:53,0
DA:54,0
DA:55,0
DA:56,0
DA:57,0
DA:59,0
DA:60,0
DA:61,0
DA:62,0
LF:40
LH:0
BRF:0
BRH:0
end_of_record
TN:
SF:src/components/Button/Button.tsx
FN:8,(anonymous_0)
FN:12,(anonymous_1)
FN:22,(anonymous_2)
FN:32,(anonymous_3)
FN:44,(anonymous_4)
FN:53,(anonymous_5)
FN:69,(anonymous_6)
FN:79,(anonymous_7)
FN:92,(anonymous_8)
FNF:9
FNH:9
FNDA:8,(anonymous_0)
FNDA:8,(anonymous_1)
FNDA:8,(anonymous_2)
FNDA:8,(anonymous_3)
FNDA:8,(anonymous_4)
FNDA:8,(anonymous_5)
FNDA:8,(anonymous_6)
FNDA:8,(anonymous_7)
FNDA:8,(anonymous_8)
DA:5,1
DA:8,8
DA:13,8
DA:15,2
DA:17,1
DA:19,5
DA:23,8
DA:25,2
DA:27,1
DA:29,5
DA:33,8
DA:34,7
DA:35,7
DA:37,1
DA:39,1
DA:41,5
DA:45,8
DA:46,7
DA:48,1
DA:50,6
DA:54,8
DA:56,1
DA:58,7
DA:70,8
DA:72,2
DA:74,1
DA:76,5
DA:80,8
DA:82,2
DA:84,1
DA:86,5
DA:92,1
DA:102,8
LF:33
LH:33
BRDA:8,0,0,1
BRDA:8,0,1,7
BRDA:13,1,0,2
BRDA:13,1,1,1
BRDA:13,1,2,5
BRDA:23,2,0,2
BRDA:23,2,1,1
BRDA:23,2,2,5
BRDA:33,3,0,1
BRDA:33,3,1,7
BRDA:34,4,0,0
BRDA:34,4,1,7
BRDA:35,5,0,1
BRDA:35,5,1,1
BRDA:35,5,2,5
BRDA:45,6,0,1
BRDA:45,6,1,7
BRDA:46,7,0,1
BRDA:46,7,1,6
BRDA:54,8,0,1
BRDA:54,8,1,7
BRDA:70,9,0,2
BRDA:70,9,1,1
BRDA:70,9,2,5
BRDA:80,10,0,2
BRDA:80,10,1,1
BRDA:80,10,2,5
BRDA:94,11,0,4
BRDA:95,12,0,4
BRDA:96,13,0,7
BRF:30
BRH:29
end_of_record
TN:
SF:src/components/Button/Button.types.tsx
FNF:0
FNH:0
LF:0
LH:0
BRF:0
BRH:0
end_of_record
TN:
SF:src/components/Button/index.ts
FNF:0
FNH:0
LF:0
LH:0
BRF:0
BRH:0
end_of_record
TN:
SF:src/components/Card/Card.stories.tsx
FN:149,(anonymous_0)
FNF:1
FNH:0
FNDA:0,(anonymous_0)
DA:6,0
DA:26,0
DA:34,0
DA:40,0
DA:47,0
DA:60,0
DA:69,0
DA:78,0
DA:88,0
DA:96,0
DA:105,0
DA:128,0
DA:148,0
DA:150,0
LF:14
LH:0
BRF:0
BRH:0
end_of_record
TN:
SF:src/components/Card/Card.tests.tsx
FN:6,(anonymous_0)
FN:7,(anonymous_1)
FN:17,(anonymous_2)
FN:24,(anonymous_3)
FN:31,(anonymous_4)
FN:43,(anonymous_5)
FN:59,(anonymous_6)
FN:67,(anonymous_7)
FN:74,(anonymous_8)
FN:82,(anonymous_9)
FN:93,(anonymous_10)
FN:100,(anonymous_11)
FN:108,(anonymous_12)
FNF:13
FNH:0
FNDA:0,(anonymous_0)
FNDA:0,(anonymous_1)
FNDA:0,(anonymous_2)
FNDA:0,(anonymous_3)
FNDA:0,(anonymous_4)
FNDA:0,(anonymous_5)
FNDA:0,(anonymous_6)
FNDA:0,(anonymous_7)
FNDA:0,(anonymous_8)
FNDA:0,(anonymous_9)
FNDA:0,(anonymous_10)
FNDA:0,(anonymous_11)
FNDA:0,(anonymous_12)
DA:6,0
DA:7,0
DA:8,0
DA:10,0
DA:11,0
DA:13,0
DA:14,0
DA:17,0
DA:18,0
DA:20,0
DA:21,0
DA:24,0
DA:25,0
DA:27,0
DA:28,0
DA:31,0
DA:32,0
DA:38,0
DA:39,0
DA:40,0
DA:43,0
DA:44,0
DA:50,0
DA:51,0
DA:54,0
DA:59,0
DA:60,0
DA:61,0
DA:63,0
DA:64,0
DA:67,0
DA:68,0
DA:69,0
DA:71,0
DA:74,0
DA:75,0
DA:76,0
DA:78,0
DA:79,0
DA:82,0
DA:83,0
DA:84,0
DA:86,0
DA:87,0
DA:88,0
DA:89,0
DA:90,0
DA:93,0
DA:94,0
DA:95,0
DA:97,0
DA:100,0
DA:101,0
DA:104,0
DA:105,0
DA:108,0
DA:110,0
DA:112,0
DA:114,0
DA:115,0
LF:60
LH:0
BRF:0
BRH:0
end_of_record
TN:
SF:src/components/Card/Card.tsx
FN:6,(anonymous_0)
FN:12,(anonymous_1)
FN:13,(anonymous_2)
FN:14,(anonymous_3)
FN:15,(anonymous_4)
FN:87,(anonymous_5)
FNF:6
FNH:6
FNDA:3,(anonymous_0)
FNDA:3,(anonymous_1)
FNDA:3,(anonymous_2)
FNDA:3,(anonymous_3)
FNDA:3,(anonymous_4)
FNDA:3,(anonymous_5)
DA:5,1
DA:6,3
DA:12,3
DA:13,3
DA:14,3
DA:15,3
DA:39,1
DA:57,1
DA:72,1
DA:87,1
DA:98,3
LF:11
LH:11
BRDA:6,0,0,3
BRDA:6,0,1,3
BRDA:12,1,0,3
BRDA:12,1,1,0
BRDA:13,2,0,3
BRDA:13,2,1,3
BRDA:14,3,0,1
BRDA:14,3,1,2
BRDA:15,4,0,1
BRDA:15,4,1,2
BRDA:93,5,0,2
BRDA:109,6,0,3
BRDA:109,6,1,3
BRDA:110,7,0,1
BRDA:110,7,1,2
BRDA:112,8,0,2
BRDA:112,8,1,0
BRF:17
BRH:15
end_of_record
TN:
SF:src/components/Card/Card.types.tsx
FNF:0
FNH:0
LF:0
LH:0
BRF:0
BRH:0
end_of_record
TN:
SF:src/components/Card/index.ts
FNF:0
FNH:0
LF:0
LH:0
BRF:0
BRH:0
end_of_record
TN:
SF:src/components/Dropdown/Dropdown.stories.tsx
FNF:0
FNH:0
DA:4,0
DA:22,0
DA:28,0
DA:36,0
DA:43,0
DA:51,0
DA:58,0
DA:66,0
DA:74,0
LF:9
LH:0
BRF:0
BRH:0
end_of_record
TN:
SF:src/components/Dropdown/Dropdown.tests.tsx
FN:12,(anonymous_0)
FN:13,(anonymous_1)
FN:25,(anonymous_2)
FN:40,(anonymous_3)
FN:52,(anonymous_4)
FN:67,(anonymous_5)
FN:79,(anonymous_6)
FN:87,(anonymous_7)
FNF:8
FNH:0
FNDA:0,(anonymous_0)
FNDA:0,(anonymous_1)
FNDA:0,(anonymous_2)
FNDA:0,(anonymous_3)
FNDA:0,(anonymous_4)
FNDA:0,(anonymous_5)
FNDA:0,(anonymous_6)
FNDA:0,(anonymous_7)
DA:6,0
DA:12,0
DA:13,0
DA:14,0
DA:15,0
DA:16,0
DA:17,0
DA:19,0
DA:20,0
DA:21,0
DA:22,0
DA:25,0
DA:26,0
DA:33,0
DA:34,0
DA:35,0
DA:36,0
DA:37,0
DA:40,0
DA:41,0
DA:48,0
DA:49,0
DA:52,0
DA:53,0
DA:54,0
DA:61,0
DA:63,0
DA:64,0
DA:67,0
DA:68,0
DA:75,0
DA:76,0
DA:79,0
DA:80,0
DA:81,0
DA:82,0
DA:83,0
DA:84,0
DA:87,0
DA:88,0
DA:91,0
LF:41
LH:0
BRF:0
BRH:0
end_of_record
TN:
SF:src/components/Dropdown/Dropdown.tsx
FN:17,(anonymous_0)
FN:22,(anonymous_1)
FN:23,(anonymous_2)
FN:55,(anonymous_3)
FN:65,(anonymous_4)
FN:82,(anonymous_5)
FNF:6
FNH:5
FNDA:1,(anonymous_0)
FNDA:1,(anonymous_1)
FNDA:1,(anonymous_2)
FNDA:1,(anonymous_3)
FNDA:0,(anonymous_4)
FNDA:3,(anonymous_5)
DA:10,1
DA:18,1
DA:19,1
DA:20,1
DA:22,1
DA:23,1
DA:49,1
DA:55,1
DA:65,1
DA:66,0
DA:67,0
DA:71,1
DA:83,3
LF:13
LH:11
BRDA:18,0,0,0
BRDA:18,0,1,1
BRDA:19,1,0,0
BRDA:19,1,1,1
BRDA:22,2,0,0
BRDA:22,2,1,1
BRDA:23,3,0,0
BRDA:23,3,1,1
BRDA:57,4,0,0
BRDA:59,5,0,1
BRDA:66,6,0,0
BRDA:66,6,1,0
BRDA:73,7,0,1
BRDA:73,7,1,1
BRF:14
BRH:7
end_of_record
TN:
SF:src/components/Dropdown/Dropdown.types.tsx
FNF:0
FNH:0
LF:0
LH:0
BRF:0
BRH:0
end_of_record
TN:
SF:src/components/Dropdown/index.ts
FNF:0
FNH:0
LF:0
LH:0
BRF:0
BRH:0
end_of_record
TN:
SF:src/components/HeroImage/HeroImage.stories.tsx
FN:123,(anonymous_0)
FNF:1
FNH:0
FNDA:0,(anonymous_0)
DA:4,0
DA:27,0
DA:29,0
DA:31,0
DA:33,0
DA:42,0
DA:49,0
DA:57,0
DA:65,0
DA:75,0
DA:85,0
DA:95,0
DA:105,0
DA:115,0
DA:124,0
LF:15
LH:0
BRF:0
BRH:0
end_of_record
TN:
SF:src/components/HeroImage/HeroImage.tests.tsx
FN:6,(anonymous_0)
FN:9,(anonymous_1)
FN:18,(anonymous_2)
FN:32,(anonymous_3)
FN:45,(anonymous_4)
FN:58,(anonymous_5)
FN:66,(anonymous_6)
FN:79,(anonymous_7)
FN:88,(anonymous_8)
FN:99,(anonymous_9)
FN:108,(anonymous_10)
FN:121,(anonymous_11)
FNF:12
FNH:0
FNDA:0,(anonymous_0)
FNDA:0,(anonymous_1)
FNDA:0,(anonymous_2)
FNDA:0,(anonymous_3)
FNDA:0,(anonymous_4)
FNDA:0,(anonymous_5)
FNDA:0,(anonymous_6)
FNDA:0,(anonymous_7)
FNDA:0,(anonymous_8)
FNDA:0,(anonymous_9)
FNDA:0,(anonymous_10)
FNDA:0,(anonymous_11)
DA:6,0
DA:7,0
DA:9,0
DA:10,0
DA:11,0
DA:13,0
DA:14,0
DA:15,0
DA:18,0
DA:19,0
DA:28,0
DA:29,0
DA:32,0
DA:33,0
DA:41,0
DA:42,0
DA:45,0
DA:46,0
DA:54,0
DA:55,0
DA:58,0
DA:59,0
DA:60,0
DA:62,0
DA:63,0
DA:66,0
DA:67,0
DA:74,0
DA:76,0
DA:79,0
DA:80,0
DA:83,0
DA:85,0
DA:88,0
DA:89,0
DA:90,0
DA:92,0
DA:93,0
DA:94,0
DA:95,0
DA:96,0
DA:99,0
DA:100,0
DA:101,0
DA:103,0
DA:104,0
DA:105,0
DA:108,0
DA:109,0
DA:116,0
DA:118,0
DA:121,0
DA:122,0
DA:123,0
DA:125,0
DA:126,0
LF:56
LH:0
BRF:0
BRH:0
end_of_record
TN:
SF:src/components/HeroImage/HeroImage.tsx
FN:8,(anonymous_0)
FN:9,(anonymous_1)
FN:18,(anonymous_2)
FN:19,(anonymous_3)
FN:20,(anonymous_4)
FN:40,(anonymous_5)
FN:51,(anonymous_6)
FN:112,(anonymous_7)
FNF:8
FNH:8
FNDA:1,(anonymous_0)
FNDA:1,(anonymous_1)
FNDA:1,(anonymous_2)
FNDA:1,(anonymous_3)
FNDA:1,(anonymous_4)
FNDA:1,(anonymous_5)
FNDA:1,(anonymous_6)
FNDA:1,(anonymous_7)
DA:5,1
DA:8,1
DA:9,1
DA:18,1
DA:19,1
DA:20,1
DA:41,1
DA:42,1
DA:43,1
DA:44,1
DA:46,0
DA:52,1
DA:53,1
DA:54,1
DA:55,1
DA:57,0
DA:62,1
DA:76,1
DA:95,1
DA:112,1
DA:123,1
LF:21
LH:19
BRDA:8,0,0,1
BRDA:8,0,1,0
BRDA:18,1,0,0
BRDA:18,1,1,1
BRDA:19,2,0,0
BRDA:19,2,1,1
BRDA:20,3,0,1
BRDA:20,3,1,1
BRDA:41,4,0,1
BRDA:41,4,1,0
BRDA:42,5,0,1
BRDA:42,5,1,0
BRDA:42,6,0,1
BRDA:42,6,1,1
BRDA:52,7,0,1
BRDA:52,7,1,0
BRDA:53,8,0,1
BRDA:53,8,1,0
BRDA:53,9,0,1
BRDA:53,9,1,1
BRDA:117,10,0,0
BRDA:118,11,0,1
BRDA:137,12,0,1
BRDA:137,12,1,0
BRDA:137,12,2,1
BRDA:139,13,0,1
BRDA:139,13,1,1
BRDA:140,14,0,1
BRDA:140,14,1,1
BRF:29
BRH:20
end_of_record
TN:
SF:src/components/HeroImage/HeroImage.types.tsx
FNF:0
FNH:0
LF:0
LH:0
BRF:0
BRH:0
end_of_record
TN:
SF:src/components/HeroImage/index.ts
FNF:0
FNH:0
LF:0
LH:0
BRF:0
BRH:0
end_of_record
TN:
SF:src/components/Img/Img.stories.tsx
FN:95,(anonymous_0)
FNF:1
FNH:0
FNDA:0,(anonymous_0)
DA:4,0
DA:26,0
DA:28,0
DA:30,0
DA:32,0
DA:39,0
DA:48,0
DA:56,0
DA:64,0
DA:72,0
DA:80,0
DA:89,0
DA:96,0
LF:13
LH:0
BRF:0
BRH:0
end_of_record
TN:
SF:src/components/Img/Img.tests.tsx
FN:6,(anonymous_0)
FN:9,(anonymous_1)
FN:19,(anonymous_2)
FN:27,(anonymous_3)
FN:40,(anonymous_4)
FN:50,(anonymous_5)
FN:57,(anonymous_6)
FN:68,(anonymous_7)
FN:76,(anonymous_8)
FNF:9
FNH:0
FNDA:0,(anonymous_0)
FNDA:0,(anonymous_1)
FNDA:0,(anonymous_2)
FNDA:0,(anonymous_3)
FNDA:0,(anonymous_4)
FNDA:0,(anonymous_5)
FNDA:0,(anonymous_6)
FNDA:0,(anonymous_7)
FNDA:0,(anonymous_8)
DA:6,0
DA:7,0
DA:9,0
DA:10,0
DA:11,0
DA:13,0
DA:14,0
DA:15,0
DA:16,0
DA:19,0
DA:20,0
DA:21,0
DA:23,0
DA:24,0
DA:27,0
DA:28,0
DA:35,0
DA:37,0
DA:40,0
DA:41,0
DA:44,0
DA:46,0
DA:47,0
DA:50,0
DA:51,0
DA:52,0
DA:54,0
DA:57,0
DA:58,0
DA:59,0
DA:61,0
DA:62,0
DA:63,0
DA:64,0
DA:65,0
DA:68,0
DA:69,0
DA:70,0
DA:72,0
DA:73,0
DA:76,0
DA:77,0
DA:84,0
DA:86,0
LF:44
LH:0
BRF:0
BRH:0
end_of_record
TN:
SF:src/components/Img/Img.tsx
FN:9,(anonymous_0)
FN:10,(anonymous_1)
FN:11,(anonymous_2)
FN:14,(anonymous_3)
FN:17,(anonymous_4)
FN:34,(anonymous_5)
FNF:6
FNH:6
FNDA:2,(anonymous_0)
FNDA:2,(anonymous_1)
FNDA:2,(anonymous_2)
FNDA:2,(anonymous_3)
FNDA:2,(anonymous_4)
FNDA:2,(anonymous_5)
DA:5,1
DA:9,2
DA:10,2
DA:11,2
DA:15,2
DA:18,2
DA:34,1
DA:44,2
LF:8
LH:8
BRDA:9,0,0,0
BRDA:9,0,1,2
BRDA:10,1,0,0
BRDA:10,1,1,2
BRDA:11,2,0,2
BRDA:11,2,1,2
BRDA:15,3,0,2
BRDA:15,3,1,2
BRDA:16,4,0,2
BRDA:16,4,1,0
BRDA:18,5,0,2
BRDA:18,5,1,2
BRDA:19,6,0,2
BRDA:19,6,1,0
BRDA:39,7,0,2
BRF:15
BRH:11
end_of_record
TN:
SF:src/components/Img/Img.types.tsx
FNF:0
FNH:0
LF:0
LH:0
BRF:0
BRH:0
end_of_record
TN:
SF:src/components/Img/index.ts
FNF:0
FNH:0
LF:0
LH:0
BRF:0
BRH:0
end_of_record
TN:
SF:src/components/Label/Label.stories.tsx
FNF:0
FNH:0
DA:4,0
DA:26,0
DA:32,0
DA:39,0
DA:46,0
DA:53,0
DA:60,0
LF:7
LH:0
BRF:0
BRH:0
end_of_record
TN:
SF:src/components/Label/Label.tests.tsx
FN:6,(anonymous_0)
FN:7,(anonymous_1)
FN:14,(anonymous_2)
FN:21,(anonymous_3)
FN:27,(anonymous_4)
FN:41,(anonymous_5)
FN:47,(anonymous_6)
FNF:7
FNH:0
FNDA:0,(anonymous_0)
FNDA:0,(anonymous_1)
FNDA:0,(anonymous_2)
FNDA:0,(anonymous_3)
FNDA:0,(anonymous_4)
FNDA:0,(anonymous_5)
FNDA:0,(anonymous_6)
DA:6,0
DA:7,0
DA:8,0
DA:9,0
DA:10,0
DA:11,0
DA:14,0
DA:15,0
DA:16,0
DA:17,0
DA:18,0
DA:21,0
DA:22,0
DA:23,0
DA:24,0
DA:27,0
DA:28,0
DA:29,0
DA:30,0
DA:32,0
DA:33,0
DA:34,0
DA:36,0
DA:37,0
DA:38,0
DA:41,0
DA:42,0
DA:43,0
DA:44,0
DA:47,0
DA:48,0
DA:49,0
DA:50,0
DA:51,0
DA:52,0
LF:35
LH:0
BRF:0
BRH:0
end_of_record
TN:
SF:src/components/Label/Label.tsx
FN:8,(anonymous_0)
FN:9,(anonymous_1)
FN:10,(anonymous_2)
FN:11,(anonymous_3)
FN:27,(anonymous_4)
FN:40,(anonymous_5)
FNF:6
FNH:6
FNDA:5,(anonymous_0)
FNDA:5,(anonymous_1)
FNDA:5,(anonymous_2)
FNDA:5,(anonymous_3)
FNDA:5,(anonymous_4)
FNDA:5,(anonymous_5)
DA:5,1
DA:8,5
DA:9,5
DA:10,5
DA:12,5
DA:14,0
DA:16,1
DA:18,4
DA:28,5
DA:30,0
DA:32,1
DA:34,4
DA:40,1
DA:49,5
LF:14
LH:12
BRDA:8,0,0,1
BRDA:8,0,1,4
BRDA:9,1,0,1
BRDA:9,1,1,4
BRDA:10,2,0,5
BRDA:10,2,1,5
BRDA:12,3,0,0
BRDA:12,3,1,1
BRDA:12,3,2,4
BRDA:28,4,0,0
BRDA:28,4,1,1
BRDA:28,4,2,4
BRDA:43,5,0,4
BRDA:44,6,0,4
BRF:14
BRH:12
end_of_record
TN:
SF:src/components/Label/Label.types.tsx
FNF:0
FNH:0
LF:0
LH:0
BRF:0
BRH:0
end_of_record
TN:
SF:src/components/Label/index.ts
FNF:0
FNH:0
LF:0
LH:0
BRF:0
BRH:0
end_of_record
TN:
SF:src/components/RadioButton/RadioButton.stories.tsx
FN:70,(anonymous_0)
FNF:1
FNH:0
FNDA:0,(anonymous_0)
DA:4,0
DA:24,0
DA:32,0
DA:41,0
DA:50,0
DA:60,0
DA:69,0
DA:71,0
DA:79,0
LF:9
LH:0
BRF:0
BRH:0
end_of_record
TN:
SF:src/components/RadioButton/RadioButton.tests.tsx
FN:6,(anonymous_0)
FN:7,(anonymous_1)
FN:18,(anonymous_2)
FN:35,(anonymous_3)
FN:50,(anonymous_4)
FN:59,(anonymous_5)
FN:75,(anonymous_6)
FN:85,(anonymous_7)
FN:93,(anonymous_8)
FNF:9
FNH:0
FNDA:0,(anonymous_0)
FNDA:0,(anonymous_1)
FNDA:0,(anonymous_2)
FNDA:0,(anonymous_3)
FNDA:0,(anonymous_4)
FNDA:0,(anonymous_5)
FNDA:0,(anonymous_6)
FNDA:0,(anonymous_7)
FNDA:0,(anonymous_8)
DA:6,0
DA:7,0
DA:8,0
DA:9,0
DA:10,0
DA:12,0
DA:13,0
DA:14,0
DA:15,0
DA:18,0
DA:19,0
DA:27,0
DA:28,0
DA:30,0
DA:31,0
DA:32,0
DA:35,0
DA:36,0
DA:44,0
DA:45,0
DA:47,0
DA:50,0
DA:51,0
DA:54,0
DA:56,0
DA:59,0
DA:60,0
DA:61,0
DA:69,0
DA:71,0
DA:72,0
DA:75,0
DA:76,0
DA:77,0
DA:78,0
DA:80,0
DA:81,0
DA:82,0
DA:85,0
DA:86,0
DA:87,0
DA:89,0
DA:90,0
DA:93,0
DA:94,0
DA:95,0
DA:104,0
DA:106,0
DA:107,0
LF:49
LH:0
BRF:0
BRH:0
end_of_record
TN:
SF:src/components/RadioButton/RadioButton.tsx
FN:8,(anonymous_0)
FN:9,(anonymous_1)
FN:10,(anonymous_2)
FN:17,(anonymous_3)
FN:37,(anonymous_4)
FN:53,(anonymous_5)
FN:80,(anonymous_6)
FN:89,(anonymous_7)
FN:100,(anonymous_8)
FNF:9
FNH:8
FNDA:3,(anonymous_0)
FNDA:3,(anonymous_1)
FNDA:3,(anonymous_2)
FNDA:3,(anonymous_3)
FNDA:3,(anonymous_4)
FNDA:3,(anonymous_5)
FNDA:3,(anonymous_6)
FNDA:3,(anonymous_7)
FNDA:0,(anonymous_8)
DA:5,1
DA:8,3
DA:9,3
DA:10,3
DA:17,3
DA:25,1
DA:33,1
DA:38,3
DA:39,3
DA:40,2
DA:54,3
DA:55,3
DA:56,2
DA:78,1
DA:80,3
DA:89,1
DA:100,3
DA:101,0
DA:102,0
DA:106,3
LF:20
LH:18
BRDA:8,0,0,0
BRDA:8,0,1,3
BRDA:9,1,0,0
BRDA:9,1,1,3
BRDA:10,2,0,3
BRDA:10,2,1,3
BRDA:17,3,0,3
BRDA:17,3,1,3
BRDA:38,4,0,0
BRDA:38,4,1,3
BRDA:39,5,0,1
BRDA:39,5,1,2
BRDA:54,6,0,0
BRDA:54,6,1,3
BRDA:54,7,0,3
BRDA:54,7,1,0
BRDA:55,8,0,1
BRDA:55,8,1,2
BRDA:80,9,0,0
BRDA:80,9,1,3
BRDA:93,10,0,0
BRDA:94,11,0,3
BRDA:101,12,0,0
BRDA:101,12,1,0
BRDA:101,13,0,0
BRDA:101,13,1,0
BRF:26
BRH:15
end_of_record
TN:
SF:src/components/RadioButton/RadioButton.types.tsx
FNF:0
FNH:0
LF:0
LH:0
BRF:0
BRH:0
end_of_record
TN:
SF:src/components/RadioButton/index.ts
FNF:0
FNH:0
LF:0
LH:0
BRF:0
BRH:0
end_of_record
TN:
SF:src/components/Table/Table.stories.tsx
FNF:0
FNH:0
DA:8,0
DA:24,0
DA:52,0
DA:87,0
DA:109,0
LF:5
LH:0
BRF:0
BRH:0
end_of_record
TN:
SF:src/components/Table/Table.tests.tsx
FN:9,(anonymous_0)
FN:10,(anonymous_1)
FN:33,(anonymous_2)
FN:45,(anonymous_3)
FN:52,(anonymous_4)
FN:58,(anonymous_5)
FN:67,(anonymous_6)
FNF:7
FNH:0
FNDA:0,(anonymous_0)
FNDA:0,(anonymous_1)
FNDA:0,(anonymous_2)
FNDA:0,(anonymous_3)
FNDA:0,(anonymous_4)
FNDA:0,(anonymous_5)
FNDA:0,(anonymous_6)
DA:9,0
DA:10,0
DA:17,0
DA:33,0
DA:34,0
DA:35,0
DA:36,0
DA:37,0
DA:39,0
DA:40,0
DA:41,0
DA:42,0
DA:45,0
DA:46,0
DA:47,0
DA:48,0
DA:49,0
DA:52,0
DA:53,0
DA:54,0
DA:55,0
DA:58,0
DA:59,0
DA:60,0
DA:61,0
DA:62,0
DA:63,0
DA:64,0
DA:67,0
DA:68,0
DA:69,0
DA:70,0
LF:32
LH:0
BRDA:11,0,0,0
BRF:1
BRH:0
end_of_record
TN:
SF:src/components/Table/Table.tsx
FN:9,(anonymous_0)
FN:13,(anonymous_1)
FN:14,(anonymous_2)
FN:25,(anonymous_3)
FNF:4
FNH:4
FNDA:1,(anonymous_0)
FNDA:1,(anonymous_1)
FNDA:1,(anonymous_2)
FNDA:1,(anonymous_3)
DA:5,1
DA:9,1
DA:13,1
DA:14,1
DA:25,1
DA:32,1
LF:6
LH:6
BRDA:9,0,0,1
BRDA:9,0,1,1
BRDA:13,1,0,0
BRDA:13,1,1,1
BRDA:14,2,0,0
BRDA:14,2,1,1
BRDA:27,3,0,1
BRF:7
BRH:5
end_of_record
TN:
SF:src/components/Table/Table.types.tsx
FNF:0
FNH:0
LF:0
LH:0
BRF:0
BRH:0
end_of_record
TN:
SF:src/components/Table/index.ts
FNF:0
FNH:0
LF:0
LH:0
BRF:0
BRH:0
end_of_record
TN:
SF:src/components/TableCell/TableCell.stories.tsx
FN:28,(anonymous_0)
FN:46,(anonymous_1)
FN:64,(anonymous_2)
FN:82,(anonymous_3)
FNF:4
FNH:0
FNDA:0,(anonymous_0)
FNDA:0,(anonymous_1)
FNDA:0,(anonymous_2)
FNDA:0,(anonymous_3)
DA:6,0
DA:23,0
DA:29,0
DA:40,0
DA:47,0
DA:58,0
DA:65,0
DA:76,0
DA:83,0
LF:9
LH:0
BRF:0
BRH:0
end_of_record
TN:
SF:src/components/TableCell/TableCell.tests.tsx
FN:8,(anonymous_0)
FN:9,(anonymous_1)
FN:33,(anonymous_2)
FN:40,(anonymous_3)
FN:46,(anonymous_4)
FN:52,(anonymous_5)
FN:59,(anonymous_6)
FN:65,(anonymous_7)
FN:73,(anonymous_8)
FNF:9
FNH:0
FNDA:0,(anonymous_0)
FNDA:0,(anonymous_1)
FNDA:0,(anonymous_2)
FNDA:0,(anonymous_3)
FNDA:0,(anonymous_4)
FNDA:0,(anonymous_5)
FNDA:0,(anonymous_6)
FNDA:0,(anonymous_7)
FNDA:0,(anonymous_8)
DA:8,0
DA:9,0
DA:18,0
DA:33,0
DA:34,0
DA:35,0
DA:36,0
DA:37,0
DA:40,0
DA:41,0
DA:42,0
DA:43,0
DA:46,0
DA:47,0
DA:48,0
DA:49,0
DA:52,0
DA:53,0
DA:54,0
DA:55,0
DA:56,0
DA:59,0
DA:60,0
DA:61,0
DA:62,0
DA:65,0
DA:66,0
DA:67,0
DA:68,0
DA:69,0
DA:70,0
DA:73,0
DA:74,0
DA:75,0
DA:76,0
DA:77,0
LF:36
LH:0
BRDA:10,0,0,0
BRDA:12,1,0,0
BRF:2
BRH:0
end_of_record
TN:
SF:src/components/TableCell/TableCell.tsx
FN:9,(anonymous_0)
FN:12,(anonymous_1)
FN:13,(anonymous_2)
FN:40,(anonymous_3)
FN:44,(anonymous_4)
FN:45,(anonymous_5)
FN:58,(anonymous_6)
FNF:7
FNH:7
FNDA:16,(anonymous_0)
FNDA:16,(anonymous_1)
FNDA:16,(anonymous_2)
FNDA:4,(anonymous_3)
FNDA:4,(anonymous_4)
FNDA:4,(anonymous_5)
FNDA:20,(anonymous_6)
DA:5,1
DA:9,16
DA:12,16
DA:13,16
DA:36,1
DA:40,4
DA:44,4
DA:45,4
DA:58,1
DA:66,20
DA:68,20
LF:11
LH:11
BRDA:9,0,0,16
BRDA:9,0,1,16
BRDA:12,1,0,0
BRDA:12,1,1,16
BRDA:13,2,0,0
BRDA:13,2,1,16
BRDA:40,3,0,4
BRDA:40,3,1,4
BRDA:44,4,0,0
BRDA:44,4,1,4
BRDA:45,5,0,0
BRDA:45,5,1,4
BRDA:60,6,0,16
BRDA:61,7,0,20
BRDA:66,8,0,4
BRDA:66,8,1,16
BRF:16
BRH:12
end_of_record
TN:
SF:src/components/TableCell/TableCell.types.tsx
FNF:0
FNH:0
LF:0
LH:0
BRF:0
BRH:0
end_of_record
TN:
SF:src/components/TableCell/index.ts
FNF:0
FNH:0
LF:0
LH:0
BRF:0
BRH:0
end_of_record
TN:
SF:src/components/TableFooter/TableFooter.stories.tsx
FN:34,(anonymous_0)
FN:53,(anonymous_1)
FN:72,(anonymous_2)
FNF:3
FNH:0
FNDA:0,(anonymous_0)
FNDA:0,(anonymous_1)
FNDA:0,(anonymous_2)
DA:7,0
DA:23,0
DA:35,0
DA:42,0
DA:54,0
DA:61,0
DA:73,0
LF:7
LH:0
BRF:0
BRH:0
end_of_record
TN:
SF:src/components/TableFooter/TableFooter.tests.tsx
FN:9,(anonymous_0)
FN:10,(anonymous_1)
FN:27,(anonymous_2)
FN:37,(anonymous_3)
FN:44,(anonymous_4)
FN:50,(anonymous_5)
FNF:6
FNH:0
FNDA:0,(anonymous_0)
FNDA:0,(anonymous_1)
FNDA:0,(anonymous_2)
FNDA:0,(anonymous_3)
FNDA:0,(anonymous_4)
FNDA:0,(anonymous_5)
DA:9,0
DA:10,0
DA:17,0
DA:27,0
DA:28,0
DA:29,0
DA:30,0
DA:31,0
DA:33,0
DA:34,0
DA:37,0
DA:38,0
DA:39,0
DA:40,0
DA:41,0
DA:44,0
DA:45,0
DA:46,0
DA:47,0
DA:50,0
DA:51,0
DA:52,0
DA:53,0
DA:54,0
DA:55,0
LF:25
LH:0
BRDA:11,0,0,0
BRF:1
BRH:0
end_of_record
TN:
SF:src/components/TableFooter/TableFooter.tsx
FN:6,(anonymous_0)
FN:9,(anonymous_1)
FN:10,(anonymous_2)
FN:31,(anonymous_3)
FNF:4
FNH:4
FNDA:1,(anonymous_0)
FNDA:1,(anonymous_1)
FNDA:1,(anonymous_2)
FNDA:1,(anonymous_3)
DA:5,1
DA:6,1
DA:9,1
DA:10,1
DA:31,1
DA:38,1
LF:6
LH:6
BRDA:6,0,0,1
BRDA:6,0,1,1
BRDA:9,1,0,0
BRDA:9,1,1,1
BRDA:10,2,0,0
BRDA:10,2,1,1
BRDA:33,3,0,1
BRF:7
BRH:5
end_of_record
TN:
SF:src/components/TableFooter/TableFooter.types.tsx
FNF:0
FNH:0
LF:0
LH:0
BRF:0
BRH:0
end_of_record
TN:
SF:src/components/TableFooter/index.ts
FNF:0
FNH:0
LF:0
LH:0
BRF:0
BRH:0
end_of_record
TN:
SF:src/components/TableHeader/TableHeader.stories.tsx
FN:34,(anonymous_0)
FN:53,(anonymous_1)
FN:72,(anonymous_2)
FNF:3
FNH:0
FNDA:0,(anonymous_0)
FNDA:0,(anonymous_1)
FNDA:0,(anonymous_2)
DA:7,0
DA:23,0
DA:35,0
DA:42,0
DA:54,0
DA:61,0
DA:73,0
LF:7
LH:0
BRF:0
BRH:0
end_of_record
TN:
SF:src/components/TableHeader/TableHeader.tests.tsx
FN:9,(anonymous_0)
FN:10,(anonymous_1)
FN:27,(anonymous_2)
FN:37,(anonymous_3)
FN:44,(anonymous_4)
FN:50,(anonymous_5)
FNF:6
FNH:0
FNDA:0,(anonymous_0)
FNDA:0,(anonymous_1)
FNDA:0,(anonymous_2)
FNDA:0,(anonymous_3)
FNDA:0,(anonymous_4)
FNDA:0,(anonymous_5)
DA:9,0
DA:10,0
DA:17,0
DA:27,0
DA:28,0
DA:29,0
DA:30,0
DA:31,0
DA:33,0
DA:34,0
DA:37,0
DA:38,0
DA:39,0
DA:40,0
DA:41,0
DA:44,0
DA:45,0
DA:46,0
DA:47,0
DA:50,0
DA:51,0
DA:52,0
DA:53,0
DA:54,0
DA:55,0
LF:25
LH:0
BRDA:11,0,0,0
BRF:1
BRH:0
end_of_record
TN:
SF:src/components/TableHeader/TableHeader.tsx
FN:6,(anonymous_0)
FN:9,(anonymous_1)
FN:10,(anonymous_2)
FN:31,(anonymous_3)
FNF:4
FNH:4
FNDA:1,(anonymous_0)
FNDA:1,(anonymous_1)
FNDA:1,(anonymous_2)
FNDA:1,(anonymous_3)
DA:5,1
DA:6,1
DA:9,1
DA:10,1
DA:31,1
DA:38,1
LF:6
LH:6
BRDA:6,0,0,1
BRDA:6,0,1,1
BRDA:9,1,0,0
BRDA:9,1,1,1
BRDA:10,2,0,0
BRDA:10,2,1,1
BRDA:33,3,0,1
BRF:7
BRH:5
end_of_record
TN:
SF:src/components/TableHeader/TableHeader.types.tsx
FNF:0
FNH:0
LF:0
LH:0
BRF:0
BRH:0
end_of_record
TN:
SF:src/components/TableHeader/index.ts
FNF:0
FNH:0
LF:0
LH:0
BRF:0
BRH:0
end_of_record
TN:
SF:src/components/TableRow/TableRow.stories.tsx
FN:33,(anonymous_0)
FN:54,(anonymous_1)
FN:75,(anonymous_2)
FNF:3
FNH:0
FNDA:0,(anonymous_0)
FNDA:0,(anonymous_1)
FNDA:0,(anonymous_2)
DA:6,0
DA:22,0
DA:34,0
DA:43,0
DA:55,0
DA:64,0
DA:76,0
LF:7
LH:0
BRF:0
BRH:0
end_of_record
TN:
SF:src/components/TableRow/TableRow.tests.tsx
FN:8,(anonymous_0)
FN:9,(anonymous_1)
FN:26,(anonymous_2)
FN:36,(anonymous_3)
FN:43,(anonymous_4)
FN:49,(anonymous_5)
FNF:6
FNH:0
FNDA:0,(anonymous_0)
FNDA:0,(anonymous_1)
FNDA:0,(anonymous_2)
FNDA:0,(anonymous_3)
FNDA:0,(anonymous_4)
FNDA:0,(anonymous_5)
DA:8,0
DA:9,0
DA:16,0
DA:26,0
DA:27,0
DA:28,0
DA:29,0
DA:30,0
DA:32,0
DA:33,0
DA:36,0
DA:37,0
DA:38,0
DA:39,0
DA:40,0
DA:43,0
DA:44,0
DA:45,0
DA:46,0
DA:49,0
DA:50,0
DA:51,0
DA:52,0
DA:53,0
DA:54,0
LF:25
LH:0
BRDA:10,0,0,0
BRF:1
BRH:0
end_of_record
TN:
SF:src/components/TableRow/TableRow.tsx
FN:6,(anonymous_0)
FN:8,(anonymous_1)
FN:9,(anonymous_2)
FN:28,(anonymous_3)
FNF:4
FNH:4
FNDA:5,(anonymous_0)
FNDA:5,(anonymous_1)
FNDA:5,(anonymous_2)
FNDA:5,(anonymous_3)
DA:5,1
DA:6,5
DA:8,5
DA:9,5
DA:28,1
DA:35,5
LF:6
LH:6
BRDA:6,0,0,5
BRDA:6,0,1,5
BRDA:8,1,0,0
BRDA:8,1,1,5
BRDA:9,2,0,0
BRDA:9,2,1,5
BRDA:30,3,0,5
BRF:7
BRH:5
end_of_record
TN:
SF:src/components/TableRow/TableRow.types.tsx
FNF:0
FNH:0
LF:0
LH:0
BRF:0
BRH:0
end_of_record
TN:
SF:src/components/TableRow/index.ts
FNF:0
FNH:0
LF:0
LH:0
BRF:0
BRH:0
end_of_record
TN:
SF:src/components/Text/Text.stories.tsx
FNF:0
FNH:0
DA:4,0
DA:30,0
DA:36,0
DA:43,0
DA:50,0
DA:57,0
DA:64,0
DA:71,0
DA:78,0
DA:85,0
LF:10
LH:0
BRF:0
BRH:0
end_of_record
TN:
SF:src/components/Text/Text.tests.tsx
FN:6,(anonymous_0)
FN:7,(anonymous_1)
FN:14,(anonymous_2)
FN:21,(anonymous_3)
FN:27,(anonymous_4)
FN:33,(anonymous_5)
FN:47,(anonymous_6)
FN:61,(anonymous_7)
FNF:8
FNH:0
FNDA:0,(anonymous_0)
FNDA:0,(anonymous_1)
FNDA:0,(anonymous_2)
FNDA:0,(anonymous_3)
FNDA:0,(anonymous_4)
FNDA:0,(anonymous_5)
FNDA:0,(anonymous_6)
FNDA:0,(anonymous_7)
DA:6,0
DA:7,0
DA:8,0
DA:9,0
DA:10,0
DA:11,0
DA:14,0
DA:15,0
DA:16,0
DA:17,0
DA:18,0
DA:21,0
DA:22,0
DA:23,0
DA:24,0
DA:27,0
DA:28,0
DA:29,0
DA:30,0
DA:33,0
DA:34,0
DA:35,0
DA:36,0
DA:38,0
DA:39,0
DA:40,0
DA:42,0
DA:43,0
DA:44,0
DA:47,0
DA:48,0
DA:49,0
DA:50,0
DA:52,0
DA:53,0
DA:54,0
DA:56,0
DA:57,0
DA:58,0
DA:61,0
DA:62,0
DA:63,0
DA:64,0
DA:65,0
DA:66,0
DA:67,0
DA:68,0
LF:47
LH:0
BRF:0
BRH:0
end_of_record
TN:
SF:src/components/Text/Text.tsx
FN:9,(anonymous_0)
FN:14,(anonymous_1)
FN:15,(anonymous_2)
FN:25,(anonymous_3)
FN:36,(anonymous_4)
FN:40,(anonymous_5)
FN:53,(anonymous_6)
FNF:7
FNH:7
FNDA:6,(anonymous_0)
FNDA:6,(anonymous_1)
FNDA:6,(anonymous_2)
FNDA:6,(anonymous_3)
FNDA:6,(anonymous_4)
FNDA:6,(anonymous_5)
FNDA:6,(anonymous_6)
DA:5,1
DA:10,6
DA:11,6
DA:12,3
DA:14,6
DA:16,6
DA:18,0
DA:20,2
DA:22,4
DA:26,6
DA:28,0
DA:30,2
DA:32,4
DA:36,6
DA:41,6
DA:43,0
DA:45,2
DA:47,4
DA:53,1
DA:63,6
LF:20
LH:17
BRDA:10,0,0,0
BRDA:10,0,1,6
BRDA:11,1,0,3
BRDA:11,1,1,3
BRDA:14,2,0,6
BRDA:14,2,1,6
BRDA:16,3,0,0
BRDA:16,3,1,2
BRDA:16,3,2,4
BRDA:26,4,0,0
BRDA:26,4,1,2
BRDA:26,4,2,4
BRDA:36,5,0,0
BRDA:36,5,1,6
BRDA:41,6,0,0
BRDA:41,6,1,2
BRDA:41,6,2,4
BRDA:55,7,0,4
BRDA:56,8,0,4
BRDA:58,9,0,6
BRF:20
BRH:15
end_of_record
TN:
SF:src/components/Text/Text.types.tsx
FNF:0
FNH:0
LF:0
LH:0
BRF:0
BRH:0
end_of_record
TN:
SF:src/components/Text/index.ts
FNF:0
FNH:0
LF:0
LH:0
BRF:0
BRH:0
end_of_record
TN:
SF:src/stories/Button.stories.ts
FNF:0
FNH:0
DA:8,0
DA:29,0
DA:36,0
DA:42,0
DA:49,0
LF:5
LH:0
BRF:0
BRH:0
end_of_record
TN:
SF:src/stories/Button.tsx
FN:17,(anonymous_0)
FNF:1
FNH:0
FNDA:0,(anonymous_0)
DA:17,0
DA:24,0
DA:27,0
LF:3
LH:0
BRDA:18,0,0,0
BRDA:19,1,0,0
BRDA:24,2,0,0
BRDA:24,2,1,0
BRF:4
BRH:0
end_of_record
TN:
SF:src/stories/Header.stories.ts
FNF:0
FNH:0
DA:7,0
DA:26,0
DA:34,0
LF:3
LH:0
BRF:0
BRH:0
end_of_record
TN:
SF:src/stories/Header.tsx
FN:15,(anonymous_0)
FNF:1
FNH:0
FNDA:0,(anonymous_0)
DA:15,0
DA:21,0
LF:2
LH:0
BRDA:48,0,0,0
BRDA:48,0,1,0
BRF:2
BRH:0
end_of_record
TN:
SF:src/stories/Page.stories.ts
FN:23,(anonymous_0)
FNF:1
FNH:0
FNDA:0,(anonymous_0)
DA:7,0
DA:19,0
DA:22,0
DA:24,0
DA:25,0
DA:26,0
DA:27,0
DA:28,0
DA:30,0
DA:31,0
LF:10
LH:0
BRF:0
BRH:0
end_of_record
TN:
SF:src/stories/Page.tsx
FN:10,(anonymous_0)
FN:17,(anonymous_1)
FN:18,(anonymous_2)
FN:19,(anonymous_3)
FNF:4
FNH:0
FNDA:0,(anonymous_0)
FNDA:0,(anonymous_1)
FNDA:0,(anonymous_2)
FNDA:0,(anonymous_3)
DA:10,0
DA:11,0
DA:13,0
DA:17,0
DA:18,0
DA:19,0
LF:6
LH:0
BRF:0
BRH:0
end_of_record
